<?xml version="1.0" encoding="UTF-8"?>
<TestRun id="874183d2-5398-4364-908b-d01574c2a56e" name="lucioc@LUCIOC-VAIO 2013-02-15 20:58:49" runUser="lucioc-VAIO\lucioc" xmlns="http://microsoft.com/schemas/VisualStudio/TeamTest/2010">
  <TestSettings name="Local" id="8cb53320-d39e-44a4-b8fa-ae4d1c0c140f">
    <Description>These are default test settings for a local test run.</Description>
    <Deployment enabled="false" runDeploymentRoot="lucioc_LUCIOC-VAIO 2013-02-15 20_58_49">
      <DeploymentItem filename="C:\Users\lucioc\Desktop\class_share\ClassService\packages\Autofac.3.0.1\lib\net40\Autofac.dll" />
      <DeploymentItem filename="C:\Users\lucioc\Desktop\class_share\ClassService\packages\Autofac.3.0.1\lib\net40\Autofac.Configuration.dll" />
      <DeploymentItem filename="C:\Users\lucioc\Desktop\class_share\ClassService\WcfService\bin\WcfService1.dll" />
      <DeploymentItem filename="C:\Users\lucioc\Desktop\class_share\ClassService\CommonUtils\bin\Debug\CommonUtils.dll" />
      <DeploymentItem filename="C:\Users\lucioc\Desktop\class_share\ClassService\packages\Moq.4.0.10827\lib\NET40\Moq.dll" />
      <DeploymentItem filename="C:\Users\lucioc\Desktop\class_share\ClassService\PowerPointLibrary\bin\Debug\PowerPointLibraries.dll" />
    </Deployment>
    <Execution>
      <TestTypeSpecific />
      <AgentRule name="Execution Agents">
      </AgentRule>
    </Execution>
  </TestSettings>
  <Times creation="2013-02-15T20:58:49.5076895-02:00" queuing="2013-02-15T20:58:49.5156899-02:00" start="2013-02-15T20:58:49.5226903-02:00" finish="2013-02-15T20:58:50.2577324-02:00" />
  <ResultSummary outcome="Failed">
    <Counters total="1" executed="1" error="0" failed="1" timeout="0" aborted="0" inconclusive="0" passedButRunAborted="0" notRunnable="0" notExecuted="0" disconnected="0" warning="0" passed="0" completed="0" inProgress="0" pending="0" />
  </ResultSummary>
  <TestDefinitions>
    <UnitTest name="verifyCorrectStartMessage" storage="c:\users\lucioc\desktop\class_share\classservice\servicetest\bin\debug\testproject1.dll" id="ab5fb478-eef5-9e60-dd44-d6511ac26663">
      <Execution id="0e0b88d3-6e33-4a5d-9232-b03396e4f8cd" />
      <TestMethod codeBase="C:/Users/lucioc/Desktop/class_share/ClassService/ServiceTest/bin/Debug/TestProject1.DLL" adapterTypeName="Microsoft.VisualStudio.TestTools.TestTypes.Unit.UnitTestAdapter, Microsoft.VisualStudio.QualityTools.Tips.UnitTest.Adapter, Version=10.0.0.0, Culture=neutral, PublicKeyToken=b03f5f7f11d50a3a" className="TestProject1.ServiceTest, TestProject1, Version=1.0.0.0, Culture=neutral, PublicKeyToken=null" name="verifyCorrectStartMessage" />
    </UnitTest>
  </TestDefinitions>
  <TestLists>
    <TestList name="Results Not in a List" id="8c84fa94-04c1-424b-9868-57a2d4851a1d" />
    <TestList name="All Loaded Results" id="19431567-8539-422a-85d7-44ee4e166bda" />
  </TestLists>
  <TestEntries>
    <TestEntry testId="ab5fb478-eef5-9e60-dd44-d6511ac26663" executionId="0e0b88d3-6e33-4a5d-9232-b03396e4f8cd" testListId="8c84fa94-04c1-424b-9868-57a2d4851a1d" />
  </TestEntries>
  <Results>
    <UnitTestResult executionId="0e0b88d3-6e33-4a5d-9232-b03396e4f8cd" testId="ab5fb478-eef5-9e60-dd44-d6511ac26663" testName="verifyCorrectStartMessage" computerName="LUCIOC-VAIO" duration="00:00:00.0636155" startTime="2013-02-15T20:58:49.5256905-02:00" endTime="2013-02-15T20:58:49.7827052-02:00" testType="13cdc9d9-ddb5-4fa4-a97d-d965ccfc6d4b" outcome="Failed" testListId="8c84fa94-04c1-424b-9868-57a2d4851a1d" relativeResultsDirectory="0e0b88d3-6e33-4a5d-9232-b03396e4f8cd">
      <Output>
        <ErrorInfo>
          <Message>Test method TestProject1.ServiceTest.verifyCorrectStartMessage threw exception: 
System.NotSupportedException: Invalid setup on a non-virtual (overridable in VB) member: foo =&gt; foo.PreparePresentation(It.IsAny&lt;String&gt;())</Message>
          <StackTrace>    em Moq.Mock.ThrowIfCantOverride(Expression setup, MethodInfo method)
   em Moq.Mock.&lt;&gt;c__DisplayClass19`1.&lt;Setup&gt;b__18()
   em Moq.PexProtector.Invoke[T](Func`1 function)
   em Moq.Mock.Setup[T](Mock mock, Expression`1 expression, Func`1 condition)
   em Moq.Mock`1.Setup(Expression`1 expression)
   em TestProject1.ServiceTest.verifyCorrectStartMessage() na C:\Users\lucioc\Desktop\class_share\ClassService\ServiceTest\ServiceTest.cs:linha 124
</StackTrace>
        </ErrorInfo>
      </Output>
    </UnitTestResult>
  </Results>
</TestRun>