<?xml version="1.0" encoding="UTF-8"?>
<TestRun id="c337a2fd-dd1a-4623-878d-5dfe566b7918" name="lucioc@LUCIOC-VAIO 2013-02-03 23:20:27" runUser="lucioc-VAIO\lucioc" xmlns="http://microsoft.com/schemas/VisualStudio/TeamTest/2010">
  <TestSettings name="Local" id="8cb53320-d39e-44a4-b8fa-ae4d1c0c140f">
    <Description>These are default test settings for a local test run.</Description>
    <Deployment enabled="false" runDeploymentRoot="lucioc_LUCIOC-VAIO 2013-02-03 23_20_27">
      <DeploymentItem filename="C:\Users\lucioc\Desktop\class_share\ClassService\PowerPointLibrary\bin\Debug\PowerPointLibraries.dll" />
      <DeploymentItem filename="C:\Users\lucioc\Desktop\class_share\ClassService\WcfService\bin\WcfService1.dll" />
    </Deployment>
    <Execution>
      <TestTypeSpecific />
      <AgentRule name="Execution Agents">
      </AgentRule>
    </Execution>
  </TestSettings>
  <Times creation="2013-02-03T23:20:27.8390683-02:00" queuing="2013-02-03T23:20:27.8450687-02:00" start="2013-02-03T23:20:27.8530691-02:00" finish="2013-02-03T23:20:28.1130840-02:00" />
  <ResultSummary outcome="Failed">
    <Counters total="1" executed="1" error="0" failed="1" timeout="0" aborted="0" inconclusive="0" passedButRunAborted="0" notRunnable="0" notExecuted="0" disconnected="0" warning="0" passed="0" completed="0" inProgress="0" pending="0" />
  </ResultSummary>
  <TestDefinitions>
    <UnitTest name="AddParameterTest" storage="c:\users\lucioc\desktop\class_share\classservice\servicetest\bin\debug\testproject1.dll" id="f21e01fc-5c5d-1397-4541-dadfeaa3788c">
      <Execution id="46660c34-0b65-4bd1-b295-bbfd11a486b4" />
      <TestMethod codeBase="C:/Users/lucioc/Desktop/class_share/ClassService/ServiceTest/bin/Debug/TestProject1.DLL" adapterTypeName="Microsoft.VisualStudio.TestTools.TestTypes.Unit.UnitTestAdapter, Microsoft.VisualStudio.QualityTools.Tips.UnitTest.Adapter, Version=10.0.0.0, Culture=neutral, PublicKeyToken=b03f5f7f11d50a3a" className="TestProject1.ServiceTest, TestProject1, Version=1.0.0.0, Culture=neutral, PublicKeyToken=null" name="AddParameterTest" />
      <AspNet>
        <Host pathToWebApp="C:\Users\lucioc\Desktop\class_share\ClassService\WcfService" webAppRoot="/" />
      </AspNet>
    </UnitTest>
  </TestDefinitions>
  <TestLists>
    <TestList name="Results Not in a List" id="8c84fa94-04c1-424b-9868-57a2d4851a1d" />
    <TestList name="All Loaded Results" id="19431567-8539-422a-85d7-44ee4e166bda" />
  </TestLists>
  <TestEntries>
    <TestEntry testId="f21e01fc-5c5d-1397-4541-dadfeaa3788c" executionId="46660c34-0b65-4bd1-b295-bbfd11a486b4" testListId="8c84fa94-04c1-424b-9868-57a2d4851a1d" />
  </TestEntries>
  <Results>
    <UnitTestResult executionId="46660c34-0b65-4bd1-b295-bbfd11a486b4" testId="f21e01fc-5c5d-1397-4541-dadfeaa3788c" testName="AddParameterTest" computerName="LUCIOC-VAIO" duration="00:00:00.0439750" startTime="2013-02-03T23:20:27.8560693-02:00" endTime="2013-02-03T23:20:28.0980831-02:00" testType="13cdc9d9-ddb5-4fa4-a97d-d965ccfc6d4b" outcome="Failed" testListId="8c84fa94-04c1-424b-9868-57a2d4851a1d" relativeResultsDirectory="46660c34-0b65-4bd1-b295-bbfd11a486b4">
      <Output>
        <ErrorInfo>
          <Message>Assert.AreEqual failed. Expected:&lt;(null)&gt;. Actual:&lt;ClassService.MyContract&gt;. </Message>
          <StackTrace>   em TestProject1.ServiceTest.AddParameterTest() na C:\Users\lucioc\Desktop\class_share\ClassService\ServiceTest\ServiceTest.cs:linha 151
</StackTrace>
        </ErrorInfo>
      </Output>
    </UnitTestResult>
  </Results>
</TestRun>