<?xml version="1.0" encoding="UTF-8"?>
<TestRun id="c97017a4-f4f0-4fd5-af03-c0b03a8b3dde" name="lucioc@LUCIOC-VAIO 2013-02-15 20:40:33" runUser="lucioc-VAIO\lucioc" xmlns="http://microsoft.com/schemas/VisualStudio/TeamTest/2010">
  <TestSettings name="Local" id="8cb53320-d39e-44a4-b8fa-ae4d1c0c140f">
    <Description>These are default test settings for a local test run.</Description>
    <Deployment enabled="false" runDeploymentRoot="lucioc_LUCIOC-VAIO 2013-02-15 20_40_33">
      <DeploymentItem filename="C:\Users\lucioc\Desktop\class_share\ClassService\packages\Autofac.3.0.1\lib\net40\Autofac.dll" />
      <DeploymentItem filename="C:\Users\lucioc\Desktop\class_share\ClassService\packages\Autofac.3.0.1\lib\net40\Autofac.Configuration.dll" />
      <DeploymentItem filename="C:\Users\lucioc\Desktop\class_share\ClassService\WcfService\bin\WcfService1.dll" />
      <DeploymentItem filename="C:\Users\lucioc\Desktop\class_share\ClassService\CommonUtils\bin\Debug\CommonUtils.dll" />
      <DeploymentItem filename="C:\Users\lucioc\Desktop\class_share\ClassService\packages\Moq.4.0.10827\lib\NET40\Moq.dll" />
      <DeploymentItem filename="C:\Users\lucioc\Desktop\class_share\ClassService\PowerPointLibrary\bin\Debug\PowerPointLibraries.dll" />
    </Deployment>
    <Execution>
      <TestTypeSpecific />
      <AgentRule name="Execution Agents">
      </AgentRule>
    </Execution>
  </TestSettings>
  <Times creation="2013-02-15T20:40:33.3349920-02:00" queuing="2013-02-15T20:40:33.3439925-02:00" start="2013-02-15T20:40:33.3619935-02:00" finish="2013-02-15T20:40:33.6090077-02:00" />
  <ResultSummary outcome="Failed">
    <Counters total="1" executed="1" error="0" failed="1" timeout="0" aborted="0" inconclusive="0" passedButRunAborted="0" notRunnable="0" notExecuted="0" disconnected="0" warning="0" passed="0" completed="0" inProgress="0" pending="0" />
  </ResultSummary>
  <TestDefinitions>
    <UnitTest name="ReadFileTest" storage="c:\users\lucioc\desktop\class_share\classservice\servicetest\bin\debug\testproject1.dll" id="c17b70bc-6cd4-fcb0-d817-3880b30871c7">
      <Execution id="1c056b48-8137-474f-bd5b-2bae0055ca90" />
      <TestMethod codeBase="C:/Users/lucioc/Desktop/class_share/ClassService/ServiceTest/bin/Debug/TestProject1.DLL" adapterTypeName="Microsoft.VisualStudio.TestTools.TestTypes.Unit.UnitTestAdapter, Microsoft.VisualStudio.QualityTools.Tips.UnitTest.Adapter, Version=10.0.0.0, Culture=neutral, PublicKeyToken=b03f5f7f11d50a3a" className="TestProject1.FileManagerTest, TestProject1, Version=1.0.0.0, Culture=neutral, PublicKeyToken=null" name="ReadFileTest" />
    </UnitTest>
  </TestDefinitions>
  <TestLists>
    <TestList name="Results Not in a List" id="8c84fa94-04c1-424b-9868-57a2d4851a1d" />
    <TestList name="All Loaded Results" id="19431567-8539-422a-85d7-44ee4e166bda" />
  </TestLists>
  <TestEntries>
    <TestEntry testId="c17b70bc-6cd4-fcb0-d817-3880b30871c7" executionId="1c056b48-8137-474f-bd5b-2bae0055ca90" testListId="8c84fa94-04c1-424b-9868-57a2d4851a1d" />
  </TestEntries>
  <Results>
    <UnitTestResult executionId="1c056b48-8137-474f-bd5b-2bae0055ca90" testId="c17b70bc-6cd4-fcb0-d817-3880b30871c7" testName="ReadFileTest" computerName="LUCIOC-VAIO" duration="00:00:00.0242070" startTime="2013-02-15T20:40:33.3579933-02:00" endTime="2013-02-15T20:40:33.5950069-02:00" testType="13cdc9d9-ddb5-4fa4-a97d-d965ccfc6d4b" outcome="Failed" testListId="8c84fa94-04c1-424b-9868-57a2d4851a1d" relativeResultsDirectory="1c056b48-8137-474f-bd5b-2bae0055ca90">
      <Output>
        <ErrorInfo>
          <Message>Test method TestProject1.FileManagerTest.ReadFileTest threw exception: 
System.IO.IOException: O processo não pode acessar o arquivo 'C:\Users\lucioc\Desktop\class_share\ClassService\TestResults\lucioc_LUCIOC-VAIO 2013-02-15 20_40_33\Out\MyFile.txt' porque ele está sendo usado por outro processo.</Message>
          <StackTrace>    em System.IO.__Error.WinIOError(Int32 errorCode, String maybeFullPath)
   em System.IO.File.Delete(String path)
   em TestProject1.FileManagerTest.ReadFileTest() na C:\Users\lucioc\Desktop\class_share\ClassService\ServiceTest\FileManagerTest.cs:linha 126
</StackTrace>
        </ErrorInfo>
      </Output>
    </UnitTestResult>
  </Results>
</TestRun>