<?xml version="1.0" encoding="UTF-8"?>
<TestRun id="07aeece3-01d1-45f6-8e83-9eaaac5dcc06" name="lucioc@LUCIOC-VAIO 2013-02-03 22:31:15" runUser="lucioc-VAIO\lucioc" xmlns="http://microsoft.com/schemas/VisualStudio/TeamTest/2010">
  <TestSettings name="Local" id="8cb53320-d39e-44a4-b8fa-ae4d1c0c140f">
    <Description>These are default test settings for a local test run.</Description>
    <Deployment enabled="false" runDeploymentRoot="lucioc_LUCIOC-VAIO 2013-02-03 22_31_15">
      <DeploymentItem filename="C:\Users\lucioc\Desktop\class_share\ClassService\PowerPointLibrary\bin\Debug\PowerPointLibraries.dll" />
      <DeploymentItem filename="C:\Users\lucioc\Desktop\class_share\ClassService\WcfService\bin\WcfService1.dll" />
    </Deployment>
    <Execution>
      <TestTypeSpecific />
      <AgentRule name="Execution Agents">
      </AgentRule>
    </Execution>
  </TestSettings>
  <Times creation="2013-02-03T22:31:15.2021872-02:00" queuing="2013-02-03T22:31:15.4892036-02:00" start="2013-02-03T22:31:15.5372063-02:00" finish="2013-02-03T22:31:15.6862148-02:00" />
  <ResultSummary outcome="Completed">
    <Counters total="1" error="0" failed="0" timeout="0" aborted="0" inconclusive="0" passedButRunAborted="0" notRunnable="0" notExecuted="0" disconnected="0" warning="0" passed="0" completed="0" inProgress="0" pending="0" />
  </ResultSummary>
  <TestDefinitions>
    <UnitTest name="HelloWorldTest" storage="c:\users\lucioc\desktop\class_share\classservice\servicetest\bin\debug\testproject1.dll" id="1363e31a-935a-26d0-ea90-08d8c65f8a71">
      <Execution id="43a9411e-4cf4-47b6-92be-63682c129511" />
      <TestMethod codeBase="C:/Users/lucioc/Desktop/class_share/ClassService/ServiceTest/bin/Debug/TestProject1.DLL" adapterTypeName="Microsoft.VisualStudio.TestTools.TestTypes.Unit.UnitTestAdapter, Microsoft.VisualStudio.QualityTools.Tips.UnitTest.Adapter, Version=10.0.0.0, Culture=neutral, PublicKeyToken=b03f5f7f11d50a3a" className="TestProject1.ServiceTest, TestProject1, Version=1.0.0.0, Culture=neutral, PublicKeyToken=null" name="HelloWorldTest" />
      <AspNetDevelopmentServers>
        <DevelopmentServer name="HelloWorldServer" pathToWebApp="%PathToWebRoot%\Service.svc\" />
      </AspNetDevelopmentServers>
    </UnitTest>
  </TestDefinitions>
  <TestLists>
    <TestList name="Results Not in a List" id="8c84fa94-04c1-424b-9868-57a2d4851a1d" />
    <TestList name="All Loaded Results" id="19431567-8539-422a-85d7-44ee4e166bda" />
  </TestLists>
  <TestEntries>
    <TestEntry testId="1363e31a-935a-26d0-ea90-08d8c65f8a71" executionId="43a9411e-4cf4-47b6-92be-63682c129511" testListId="8c84fa94-04c1-424b-9868-57a2d4851a1d" />
  </TestEntries>
  <Results>
    <UnitTestResult executionId="43a9411e-4cf4-47b6-92be-63682c129511" testId="1363e31a-935a-26d0-ea90-08d8c65f8a71" testName="HelloWorldTest" computerName="LUCIOC-VAIO" testType="13cdc9d9-ddb5-4fa4-a97d-d965ccfc6d4b" outcome="Failed" testListId="8c84fa94-04c1-424b-9868-57a2d4851a1d" relativeResultsDirectory="43a9411e-4cf4-47b6-92be-63682c129511">
      <Output>
        <ErrorInfo>
          <Message>The Web site path 'C:\Users\lucioc\Documents\Visual Studio 2010\WebSites\Service.svc\' does not exist. Tests configured to run in ASP.NET Development Server must specify a valid path to the Web site. Correct the AspNetDevelopmentServerHost attribute for the test. For more information about ASP.NET unit tests, see "How to: Create an ASP.NET Unit Test" (http://go.microsoft.com/fwlink/?LinkId=62608) and "Testing Web Services" (http://go.microsoft.com/fwlink/?LinkId=62609) in the MSDN Library.</Message>
        </ErrorInfo>
      </Output>
    </UnitTestResult>
  </Results>
</TestRun>