<?xml version="1.0" encoding="UTF-8"?>
<TestRun id="a4b46d48-55d6-4dcb-b739-59574b1aa476" name="lucioc@LUCIOC-VAIO 2013-02-15 20:59:38" runUser="lucioc-VAIO\lucioc" xmlns="http://microsoft.com/schemas/VisualStudio/TeamTest/2010">
  <TestSettings name="Local" id="8cb53320-d39e-44a4-b8fa-ae4d1c0c140f">
    <Description>These are default test settings for a local test run.</Description>
    <Deployment enabled="false" runDeploymentRoot="lucioc_LUCIOC-VAIO 2013-02-15 20_59_38">
      <DeploymentItem filename="C:\Users\lucioc\Desktop\class_share\ClassService\packages\Autofac.3.0.1\lib\net40\Autofac.dll" />
      <DeploymentItem filename="C:\Users\lucioc\Desktop\class_share\ClassService\packages\Autofac.3.0.1\lib\net40\Autofac.Configuration.dll" />
      <DeploymentItem filename="C:\Users\lucioc\Desktop\class_share\ClassService\WcfService\bin\WcfService1.dll" />
      <DeploymentItem filename="C:\Users\lucioc\Desktop\class_share\ClassService\CommonUtils\bin\Debug\CommonUtils.dll" />
      <DeploymentItem filename="C:\Users\lucioc\Desktop\class_share\ClassService\packages\Moq.4.0.10827\lib\NET40\Moq.dll" />
      <DeploymentItem filename="C:\Users\lucioc\Desktop\class_share\ClassService\PowerPointLibrary\bin\Debug\PowerPointLibraries.dll" />
    </Deployment>
    <Execution>
      <TestTypeSpecific />
      <AgentRule name="Execution Agents">
      </AgentRule>
    </Execution>
  </TestSettings>
  <Times creation="2013-02-15T20:59:38.8975144-02:00" queuing="2013-02-15T20:59:38.9075150-02:00" start="2013-02-15T20:59:38.9145154-02:00" finish="2013-02-15T20:59:52.8103102-02:00" />
  <ResultSummary outcome="Completed">
    <Counters total="5" executed="5" passed="5" error="0" failed="0" timeout="0" aborted="0" inconclusive="0" passedButRunAborted="0" notRunnable="0" notExecuted="0" disconnected="0" warning="0" completed="0" inProgress="0" pending="0" />
  </ResultSummary>
  <TestDefinitions>
    <UnitTest name="GoToLastSlideTest" storage="c:\users\lucioc\desktop\class_share\classservice\servicetest\bin\debug\testproject1.dll" id="849cfe64-29a2-9171-5a72-a342ec5f7923">
      <Execution id="ea99ce7f-4ae5-4b49-9e51-538cdb7e3a32" />
      <TestMethod codeBase="C:/Users/lucioc/Desktop/class_share/ClassService/ServiceTest/bin/Debug/TestProject1.DLL" adapterTypeName="Microsoft.VisualStudio.TestTools.TestTypes.Unit.UnitTestAdapter, Microsoft.VisualStudio.QualityTools.Tips.UnitTest.Adapter, Version=10.0.0.0, Culture=neutral, PublicKeyToken=b03f5f7f11d50a3a" className="ServiceTest.PowerPointControlTest, TestProject1, Version=1.0.0.0, Culture=neutral, PublicKeyToken=null" name="GoToLastSlideTest" />
    </UnitTest>
    <UnitTest name="GoToNextSlideTest" storage="c:\users\lucioc\desktop\class_share\classservice\servicetest\bin\debug\testproject1.dll" id="c06aed7a-e9a0-6eb6-8b9b-c8b6c656561f">
      <Execution id="70c7c182-db8c-4e66-96ed-74aacae469e4" />
      <TestMethod codeBase="C:/Users/lucioc/Desktop/class_share/ClassService/ServiceTest/bin/Debug/TestProject1.DLL" adapterTypeName="Microsoft.VisualStudio.TestTools.TestTypes.Unit.UnitTestAdapter, Microsoft.VisualStudio.QualityTools.Tips.UnitTest.Adapter, Version=10.0.0.0, Culture=neutral, PublicKeyToken=b03f5f7f11d50a3a" className="ServiceTest.PowerPointControlTest, TestProject1, Version=1.0.0.0, Culture=neutral, PublicKeyToken=null" name="GoToNextSlideTest" />
    </UnitTest>
    <UnitTest name="GoToPrevioustSlideTest" storage="c:\users\lucioc\desktop\class_share\classservice\servicetest\bin\debug\testproject1.dll" id="6f01f621-aba7-4d74-a317-569c4d3d8b88">
      <Execution id="19176deb-7db3-484c-8271-9e655b737982" />
      <TestMethod codeBase="C:/Users/lucioc/Desktop/class_share/ClassService/ServiceTest/bin/Debug/TestProject1.DLL" adapterTypeName="Microsoft.VisualStudio.TestTools.TestTypes.Unit.UnitTestAdapter, Microsoft.VisualStudio.QualityTools.Tips.UnitTest.Adapter, Version=10.0.0.0, Culture=neutral, PublicKeyToken=b03f5f7f11d50a3a" className="ServiceTest.PowerPointControlTest, TestProject1, Version=1.0.0.0, Culture=neutral, PublicKeyToken=null" name="GoToPrevioustSlideTest" />
    </UnitTest>
    <UnitTest name="GoToSlideNumberTest" storage="c:\users\lucioc\desktop\class_share\classservice\servicetest\bin\debug\testproject1.dll" id="9d52415f-0000-94fe-b8b8-d6947ae90c04">
      <Execution id="c43011ae-deb0-4edc-ae4e-77f65e6d3f87" />
      <TestMethod codeBase="C:/Users/lucioc/Desktop/class_share/ClassService/ServiceTest/bin/Debug/TestProject1.DLL" adapterTypeName="Microsoft.VisualStudio.TestTools.TestTypes.Unit.UnitTestAdapter, Microsoft.VisualStudio.QualityTools.Tips.UnitTest.Adapter, Version=10.0.0.0, Culture=neutral, PublicKeyToken=b03f5f7f11d50a3a" className="ServiceTest.PowerPointControlTest, TestProject1, Version=1.0.0.0, Culture=neutral, PublicKeyToken=null" name="GoToSlideNumberTest" />
    </UnitTest>
    <UnitTest name="GoToFirstSlideTest" storage="c:\users\lucioc\desktop\class_share\classservice\servicetest\bin\debug\testproject1.dll" id="75051a54-7acc-6f46-756e-3ff9aaa91788">
      <Execution id="adaaa1f3-9e0f-4279-942b-7da70c9ae60b" />
      <TestMethod codeBase="C:/Users/lucioc/Desktop/class_share/ClassService/ServiceTest/bin/Debug/TestProject1.DLL" adapterTypeName="Microsoft.VisualStudio.TestTools.TestTypes.Unit.UnitTestAdapter, Microsoft.VisualStudio.QualityTools.Tips.UnitTest.Adapter, Version=10.0.0.0, Culture=neutral, PublicKeyToken=b03f5f7f11d50a3a" className="ServiceTest.PowerPointControlTest, TestProject1, Version=1.0.0.0, Culture=neutral, PublicKeyToken=null" name="GoToFirstSlideTest" />
    </UnitTest>
  </TestDefinitions>
  <TestLists>
    <TestList name="Results Not in a List" id="8c84fa94-04c1-424b-9868-57a2d4851a1d" />
    <TestList name="All Loaded Results" id="19431567-8539-422a-85d7-44ee4e166bda" />
  </TestLists>
  <TestEntries>
    <TestEntry testId="6f01f621-aba7-4d74-a317-569c4d3d8b88" executionId="19176deb-7db3-484c-8271-9e655b737982" testListId="8c84fa94-04c1-424b-9868-57a2d4851a1d" />
    <TestEntry testId="75051a54-7acc-6f46-756e-3ff9aaa91788" executionId="adaaa1f3-9e0f-4279-942b-7da70c9ae60b" testListId="8c84fa94-04c1-424b-9868-57a2d4851a1d" />
    <TestEntry testId="849cfe64-29a2-9171-5a72-a342ec5f7923" executionId="ea99ce7f-4ae5-4b49-9e51-538cdb7e3a32" testListId="8c84fa94-04c1-424b-9868-57a2d4851a1d" />
    <TestEntry testId="9d52415f-0000-94fe-b8b8-d6947ae90c04" executionId="c43011ae-deb0-4edc-ae4e-77f65e6d3f87" testListId="8c84fa94-04c1-424b-9868-57a2d4851a1d" />
    <TestEntry testId="c06aed7a-e9a0-6eb6-8b9b-c8b6c656561f" executionId="70c7c182-db8c-4e66-96ed-74aacae469e4" testListId="8c84fa94-04c1-424b-9868-57a2d4851a1d" />
  </TestEntries>
  <Results>
    <UnitTestResult executionId="19176deb-7db3-484c-8271-9e655b737982" testId="6f01f621-aba7-4d74-a317-569c4d3d8b88" testName="GoToPrevioustSlideTest" computerName="LUCIOC-VAIO" duration="00:00:02.7606622" startTime="2013-02-15T20:59:38.9175156-02:00" endTime="2013-02-15T20:59:41.8886855-02:00" testType="13cdc9d9-ddb5-4fa4-a97d-d965ccfc6d4b" outcome="Passed" testListId="8c84fa94-04c1-424b-9868-57a2d4851a1d" relativeResultsDirectory="19176deb-7db3-484c-8271-9e655b737982">
    </UnitTestResult>
    <UnitTestResult executionId="adaaa1f3-9e0f-4279-942b-7da70c9ae60b" testId="75051a54-7acc-6f46-756e-3ff9aaa91788" testName="GoToFirstSlideTest" computerName="LUCIOC-VAIO" duration="00:00:02.4271110" startTime="2013-02-15T20:59:41.8916857-02:00" endTime="2013-02-15T20:59:44.3208246-02:00" testType="13cdc9d9-ddb5-4fa4-a97d-d965ccfc6d4b" outcome="Passed" testListId="8c84fa94-04c1-424b-9868-57a2d4851a1d" relativeResultsDirectory="adaaa1f3-9e0f-4279-942b-7da70c9ae60b">
    </UnitTestResult>
    <UnitTestResult executionId="ea99ce7f-4ae5-4b49-9e51-538cdb7e3a32" testId="849cfe64-29a2-9171-5a72-a342ec5f7923" testName="GoToLastSlideTest" computerName="LUCIOC-VAIO" duration="00:00:02.6604749" startTime="2013-02-15T20:59:44.3238248-02:00" endTime="2013-02-15T20:59:46.9889772-02:00" testType="13cdc9d9-ddb5-4fa4-a97d-d965ccfc6d4b" outcome="Passed" testListId="8c84fa94-04c1-424b-9868-57a2d4851a1d" relativeResultsDirectory="ea99ce7f-4ae5-4b49-9e51-538cdb7e3a32">
    </UnitTestResult>
    <UnitTestResult executionId="c43011ae-deb0-4edc-ae4e-77f65e6d3f87" testId="9d52415f-0000-94fe-b8b8-d6947ae90c04" testName="GoToSlideNumberTest" computerName="LUCIOC-VAIO" duration="00:00:02.5689717" startTime="2013-02-15T20:59:46.9919774-02:00" endTime="2013-02-15T20:59:49.5651246-02:00" testType="13cdc9d9-ddb5-4fa4-a97d-d965ccfc6d4b" outcome="Passed" testListId="8c84fa94-04c1-424b-9868-57a2d4851a1d" relativeResultsDirectory="c43011ae-deb0-4edc-ae4e-77f65e6d3f87">
    </UnitTestResult>
    <UnitTestResult executionId="70c7c182-db8c-4e66-96ed-74aacae469e4" testId="c06aed7a-e9a0-6eb6-8b9b-c8b6c656561f" testName="GoToNextSlideTest" computerName="LUCIOC-VAIO" duration="00:00:02.8014377" startTime="2013-02-15T20:59:49.5791254-02:00" endTime="2013-02-15T20:59:52.3832858-02:00" testType="13cdc9d9-ddb5-4fa4-a97d-d965ccfc6d4b" outcome="Passed" testListId="8c84fa94-04c1-424b-9868-57a2d4851a1d" relativeResultsDirectory="70c7c182-db8c-4e66-96ed-74aacae469e4">
    </UnitTestResult>
  </Results>
</TestRun>