<?xml version="1.0" encoding="UTF-8"?>
<TestRun id="e179011b-9963-4592-89cd-c21f69d1d834" name="lucioc@LUCIOC-VAIO 2013-02-15 20:34:06" runUser="lucioc-VAIO\lucioc" xmlns="http://microsoft.com/schemas/VisualStudio/TeamTest/2010">
  <TestSettings name="Local" id="8cb53320-d39e-44a4-b8fa-ae4d1c0c140f">
    <Description>These are default test settings for a local test run.</Description>
    <Deployment enabled="false" runDeploymentRoot="lucioc_LUCIOC-VAIO 2013-02-15 20_34_06">
      <DeploymentItem filename="C:\Users\lucioc\Desktop\class_share\ClassService\packages\Autofac.3.0.1\lib\net40\Autofac.dll" />
      <DeploymentItem filename="C:\Users\lucioc\Desktop\class_share\ClassService\packages\Autofac.3.0.1\lib\net40\Autofac.Configuration.dll" />
      <DeploymentItem filename="C:\Users\lucioc\Desktop\class_share\ClassService\WcfService\bin\WcfService1.dll" />
      <DeploymentItem filename="C:\Users\lucioc\Desktop\class_share\ClassService\CommonUtils\bin\Debug\CommonUtils.dll" />
      <DeploymentItem filename="C:\Users\lucioc\Desktop\class_share\ClassService\packages\Moq.4.0.10827\lib\NET40\Moq.dll" />
      <DeploymentItem filename="C:\Users\lucioc\Desktop\class_share\ClassService\PowerPointLibrary\bin\Debug\PowerPointLibraries.dll" />
    </Deployment>
    <Execution>
      <TestTypeSpecific />
      <AgentRule name="Execution Agents">
      </AgentRule>
    </Execution>
  </TestSettings>
  <Times creation="2013-02-15T20:34:06.0208389-02:00" queuing="2013-02-15T20:34:06.0588411-02:00" start="2013-02-15T20:34:06.0728419-02:00" finish="2013-02-15T20:34:06.3008549-02:00" />
  <ResultSummary outcome="Completed">
    <Counters total="1" executed="1" passed="1" error="0" failed="0" timeout="0" aborted="0" inconclusive="0" passedButRunAborted="0" notRunnable="0" notExecuted="0" disconnected="0" warning="0" completed="0" inProgress="0" pending="0" />
  </ResultSummary>
  <TestDefinitions>
    <UnitTest name="FileExistsTest" storage="c:\users\lucioc\desktop\class_share\classservice\servicetest\bin\debug\testproject1.dll" id="e0fe94a0-b576-8e38-1c13-d26307b4a71c">
      <Execution id="49a867ed-c548-4f31-b6ad-2dc48f8f33ba" />
      <TestMethod codeBase="C:/Users/lucioc/Desktop/class_share/ClassService/ServiceTest/bin/Debug/TestProject1.DLL" adapterTypeName="Microsoft.VisualStudio.TestTools.TestTypes.Unit.UnitTestAdapter, Microsoft.VisualStudio.QualityTools.Tips.UnitTest.Adapter, Version=10.0.0.0, Culture=neutral, PublicKeyToken=b03f5f7f11d50a3a" className="TestProject1.FileManagerTest, TestProject1, Version=1.0.0.0, Culture=neutral, PublicKeyToken=null" name="FileExistsTest" />
    </UnitTest>
  </TestDefinitions>
  <TestLists>
    <TestList name="Results Not in a List" id="8c84fa94-04c1-424b-9868-57a2d4851a1d" />
    <TestList name="All Loaded Results" id="19431567-8539-422a-85d7-44ee4e166bda" />
  </TestLists>
  <TestEntries>
    <TestEntry testId="e0fe94a0-b576-8e38-1c13-d26307b4a71c" executionId="49a867ed-c548-4f31-b6ad-2dc48f8f33ba" testListId="8c84fa94-04c1-424b-9868-57a2d4851a1d" />
  </TestEntries>
  <Results>
    <UnitTestResult executionId="49a867ed-c548-4f31-b6ad-2dc48f8f33ba" testId="e0fe94a0-b576-8e38-1c13-d26307b4a71c" testName="FileExistsTest" computerName="LUCIOC-VAIO" duration="00:00:00.0168517" startTime="2013-02-15T20:34:06.0748420-02:00" endTime="2013-02-15T20:34:06.2828539-02:00" testType="13cdc9d9-ddb5-4fa4-a97d-d965ccfc6d4b" outcome="Passed" testListId="8c84fa94-04c1-424b-9868-57a2d4851a1d" relativeResultsDirectory="49a867ed-c548-4f31-b6ad-2dc48f8f33ba">
    </UnitTestResult>
  </Results>
</TestRun>