<?xml version="1.0" encoding="UTF-8"?>
<TestRun id="64534503-8fee-4ce9-b299-94fd02279bd4" name="lucioc@LUCIOC-VAIO 2013-02-09 13:07:06" runUser="lucioc-VAIO\lucioc" xmlns="http://microsoft.com/schemas/VisualStudio/TeamTest/2010">
  <TestSettings name="Local" id="8cb53320-d39e-44a4-b8fa-ae4d1c0c140f">
    <Description>These are default test settings for a local test run.</Description>
    <Deployment enabled="false" runDeploymentRoot="lucioc_LUCIOC-VAIO 2013-02-09 13_07_06">
      <DeploymentItem filename="C:\Users\lucioc\Desktop\class_share\ClassService\WcfService\bin\WcfService1.dll" />
      <DeploymentItem filename="C:\Users\lucioc\Desktop\class_share\ClassService\PowerPointLibrary\bin\Release\PowerPointLibraries.dll" />
    </Deployment>
    <Execution>
      <TestTypeSpecific />
      <AgentRule name="Execution Agents">
      </AgentRule>
    </Execution>
  </TestSettings>
  <Times creation="2013-02-09T13:07:06.4919226-02:00" queuing="2013-02-09T13:07:07.2489659-02:00" start="2013-02-09T13:07:07.3379710-02:00" finish="2013-02-09T13:07:46.7412247-02:00" />
  <ResultSummary outcome="Error">
    <Counters total="12" executed="2" passed="1" error="0" failed="0" timeout="0" aborted="1" inconclusive="0" passedButRunAborted="0" notRunnable="0" notExecuted="10" disconnected="0" warning="0" completed="0" inProgress="0" pending="0" />
    <RunInfos>
      <RunInfo computerName="LUCIOC-VAIO" outcome="Error" timestamp="2013-02-09T13:07:46.7272239-02:00">
        <Text>Test host process exited unexpectedly.</Text>
      </RunInfo>
    </RunInfos>
  </ResultSummary>
  <TestDefinitions>
    <UnitTest name="AddParameterTest" storage="c:\users\lucioc\desktop\class_share\classservice\servicetest\bin\release\testproject1.dll" id="f21e01fc-5c5d-1397-4541-dadfeaa3788c">
      <Execution id="b5e54cb6-80c6-477a-92dc-2a218d9137b9" />
      <TestMethod codeBase="C:/Users/lucioc/Desktop/class_share/ClassService/ServiceTest/bin/Release/TestProject1.DLL" adapterTypeName="Microsoft.VisualStudio.TestTools.TestTypes.Unit.UnitTestAdapter, Microsoft.VisualStudio.QualityTools.Tips.UnitTest.Adapter, Version=10.0.0.0, Culture=neutral, PublicKeyToken=b03f5f7f11d50a3a" className="TestProject1.ServiceTest, TestProject1, Version=1.0.0.0, Culture=neutral, PublicKeyToken=null" name="AddParameterTest" />
      <AspNet>
        <Host pathToWebApp="C:\Users\lucioc\Desktop\class_share\ClassService\WcfService" webAppRoot="/" />
      </AspNet>
    </UnitTest>
    <UnitTest name="testUnit" storage="c:\users\lucioc\desktop\class_share\classservice\servicetest\bin\release\testproject1.dll" id="3ecc851e-2d6e-b0e2-3dce-1d1f6cde8608">
      <Execution id="0ac10462-06ec-445a-9c50-660194bcae95" />
      <TestMethod codeBase="C:/Users/lucioc/Desktop/class_share/ClassService/ServiceTest/bin/Release/TestProject1.DLL" adapterTypeName="Microsoft.VisualStudio.TestTools.TestTypes.Unit.UnitTestAdapter, Microsoft.VisualStudio.QualityTools.Tips.UnitTest.Adapter, Version=10.0.0.0, Culture=neutral, PublicKeyToken=b03f5f7f11d50a3a" className="TestProject1.ServiceTest, TestProject1, Version=1.0.0.0, Culture=neutral, PublicKeyToken=null" name="testUnit" />
      <AspNet webSiteUrl="http://localhost:2475/Service.svc/" />
    </UnitTest>
    <UnitTest name="closePresentationTest" storage="c:\users\lucioc\desktop\class_share\classservice\servicetest\bin\release\testproject1.dll" id="478c1c17-3400-1c75-328f-88dc2c86cee5">
      <Execution id="ca05cea9-359f-4da7-9d14-ccee3d3ec85e" />
      <TestMethod codeBase="C:/Users/lucioc/Desktop/class_share/ClassService/ServiceTest/bin/Release/TestProject1.DLL" adapterTypeName="Microsoft.VisualStudio.TestTools.TestTypes.Unit.UnitTestAdapter, Microsoft.VisualStudio.QualityTools.Tips.UnitTest.Adapter, Version=10.0.0.0, Culture=neutral, PublicKeyToken=b03f5f7f11d50a3a" className="ServiceTest.PowerPointPresentationTest, TestProject1, Version=1.0.0.0, Culture=neutral, PublicKeyToken=null" name="closePresentationTest" />
    </UnitTest>
    <UnitTest name="AddTest" storage="c:\users\lucioc\desktop\class_share\classservice\servicetest\bin\release\testproject1.dll" id="f2657f9c-cafd-4141-1167-8a6a05f83b41">
      <Execution id="561230a2-5953-4318-8052-f2ac9a26ff09" />
      <TestMethod codeBase="C:/Users/lucioc/Desktop/class_share/ClassService/ServiceTest/bin/Release/TestProject1.DLL" adapterTypeName="Microsoft.VisualStudio.TestTools.TestTypes.Unit.UnitTestAdapter, Microsoft.VisualStudio.QualityTools.Tips.UnitTest.Adapter, Version=10.0.0.0, Culture=neutral, PublicKeyToken=b03f5f7f11d50a3a" className="TestProject1.ServiceTest, TestProject1, Version=1.0.0.0, Culture=neutral, PublicKeyToken=null" name="AddTest" />
      <AspNet>
        <Host pathToWebApp="C:\Users\lucioc\Desktop\class_share\ClassService\WcfService" webAppRoot="/" />
      </AspNet>
    </UnitTest>
    <UnitTest name="GoToNextSlideTest" storage="c:\users\lucioc\desktop\class_share\classservice\servicetest\bin\release\testproject1.dll" id="c06aed7a-e9a0-6eb6-8b9b-c8b6c656561f">
      <Execution id="15f0f597-eb95-4a91-8dfc-51a5d04c4fd6" />
      <TestMethod codeBase="C:/Users/lucioc/Desktop/class_share/ClassService/ServiceTest/bin/Release/TestProject1.DLL" adapterTypeName="Microsoft.VisualStudio.TestTools.TestTypes.Unit.UnitTestAdapter, Microsoft.VisualStudio.QualityTools.Tips.UnitTest.Adapter, Version=10.0.0.0, Culture=neutral, PublicKeyToken=b03f5f7f11d50a3a" className="ServiceTest.PowerPointControlTest, TestProject1, Version=1.0.0.0, Culture=neutral, PublicKeyToken=null" name="GoToNextSlideTest" />
    </UnitTest>
    <UnitTest name="GoToFirstSlideTest" storage="c:\users\lucioc\desktop\class_share\classservice\servicetest\bin\release\testproject1.dll" id="75051a54-7acc-6f46-756e-3ff9aaa91788">
      <Execution id="ec8a9be1-e906-4c63-8930-d66045f02572" />
      <TestMethod codeBase="C:/Users/lucioc/Desktop/class_share/ClassService/ServiceTest/bin/Release/TestProject1.DLL" adapterTypeName="Microsoft.VisualStudio.TestTools.TestTypes.Unit.UnitTestAdapter, Microsoft.VisualStudio.QualityTools.Tips.UnitTest.Adapter, Version=10.0.0.0, Culture=neutral, PublicKeyToken=b03f5f7f11d50a3a" className="ServiceTest.PowerPointControlTest, TestProject1, Version=1.0.0.0, Culture=neutral, PublicKeyToken=null" name="GoToFirstSlideTest" />
    </UnitTest>
    <UnitTest name="GoToPrevioustSlideTest" storage="c:\users\lucioc\desktop\class_share\classservice\servicetest\bin\release\testproject1.dll" id="6f01f621-aba7-4d74-a317-569c4d3d8b88">
      <Execution id="8a7718e1-a463-4771-a3c1-94ede1cd2cc0" />
      <TestMethod codeBase="C:/Users/lucioc/Desktop/class_share/ClassService/ServiceTest/bin/Release/TestProject1.DLL" adapterTypeName="Microsoft.VisualStudio.TestTools.TestTypes.Unit.UnitTestAdapter, Microsoft.VisualStudio.QualityTools.Tips.UnitTest.Adapter, Version=10.0.0.0, Culture=neutral, PublicKeyToken=b03f5f7f11d50a3a" className="ServiceTest.PowerPointControlTest, TestProject1, Version=1.0.0.0, Culture=neutral, PublicKeyToken=null" name="GoToPrevioustSlideTest" />
    </UnitTest>
    <UnitTest name="prepareCorrectPresentationTest" storage="c:\users\lucioc\desktop\class_share\classservice\servicetest\bin\release\testproject1.dll" id="52cc9fa6-20b6-5876-fd97-161240e266a6">
      <Execution id="65bc8beb-88d3-41be-8f8f-936f0253b921" />
      <TestMethod codeBase="C:/Users/lucioc/Desktop/class_share/ClassService/ServiceTest/bin/Release/TestProject1.DLL" adapterTypeName="Microsoft.VisualStudio.TestTools.TestTypes.Unit.UnitTestAdapter, Microsoft.VisualStudio.QualityTools.Tips.UnitTest.Adapter, Version=10.0.0.0, Culture=neutral, PublicKeyToken=b03f5f7f11d50a3a" className="ServiceTest.PowerPointPresentationTest, TestProject1, Version=1.0.0.0, Culture=neutral, PublicKeyToken=null" name="prepareCorrectPresentationTest" />
    </UnitTest>
    <UnitTest name="closeNotStartedPresentationTest" storage="c:\users\lucioc\desktop\class_share\classservice\servicetest\bin\release\testproject1.dll" id="b8ed7e9d-26b6-2337-695d-1bc9a7e0dbbc">
      <Execution id="77509860-18af-45db-9258-ecc0caedbf0f" />
      <TestMethod codeBase="C:/Users/lucioc/Desktop/class_share/ClassService/ServiceTest/bin/Release/TestProject1.DLL" adapterTypeName="Microsoft.VisualStudio.TestTools.TestTypes.Unit.UnitTestAdapter, Microsoft.VisualStudio.QualityTools.Tips.UnitTest.Adapter, Version=10.0.0.0, Culture=neutral, PublicKeyToken=b03f5f7f11d50a3a" className="ServiceTest.PowerPointPresentationTest, TestProject1, Version=1.0.0.0, Culture=neutral, PublicKeyToken=null" name="closeNotStartedPresentationTest" />
    </UnitTest>
    <UnitTest name="GoToSlideNumberTest" storage="c:\users\lucioc\desktop\class_share\classservice\servicetest\bin\release\testproject1.dll" id="9d52415f-0000-94fe-b8b8-d6947ae90c04">
      <Execution id="10bd64f2-b7b0-4156-8fcf-90681de25306" />
      <TestMethod codeBase="C:/Users/lucioc/Desktop/class_share/ClassService/ServiceTest/bin/Release/TestProject1.DLL" adapterTypeName="Microsoft.VisualStudio.TestTools.TestTypes.Unit.UnitTestAdapter, Microsoft.VisualStudio.QualityTools.Tips.UnitTest.Adapter, Version=10.0.0.0, Culture=neutral, PublicKeyToken=b03f5f7f11d50a3a" className="ServiceTest.PowerPointControlTest, TestProject1, Version=1.0.0.0, Culture=neutral, PublicKeyToken=null" name="GoToSlideNumberTest" />
    </UnitTest>
    <UnitTest name="GoToLastSlideTest" storage="c:\users\lucioc\desktop\class_share\classservice\servicetest\bin\release\testproject1.dll" id="849cfe64-29a2-9171-5a72-a342ec5f7923">
      <Execution id="2dc192ff-d5f1-4910-8b32-5d2b5469372f" />
      <TestMethod codeBase="C:/Users/lucioc/Desktop/class_share/ClassService/ServiceTest/bin/Release/TestProject1.DLL" adapterTypeName="Microsoft.VisualStudio.TestTools.TestTypes.Unit.UnitTestAdapter, Microsoft.VisualStudio.QualityTools.Tips.UnitTest.Adapter, Version=10.0.0.0, Culture=neutral, PublicKeyToken=b03f5f7f11d50a3a" className="ServiceTest.PowerPointControlTest, TestProject1, Version=1.0.0.0, Culture=neutral, PublicKeyToken=null" name="GoToLastSlideTest" />
    </UnitTest>
    <UnitTest name="prepareNotExistentPresentationTest" storage="c:\users\lucioc\desktop\class_share\classservice\servicetest\bin\release\testproject1.dll" id="7ebb38ba-7376-b7b2-dce2-c3864cddd68f">
      <Execution id="29b60610-383d-471c-9ecd-0fd0c28565b7" />
      <TestMethod codeBase="C:/Users/lucioc/Desktop/class_share/ClassService/ServiceTest/bin/Release/TestProject1.DLL" adapterTypeName="Microsoft.VisualStudio.TestTools.TestTypes.Unit.UnitTestAdapter, Microsoft.VisualStudio.QualityTools.Tips.UnitTest.Adapter, Version=10.0.0.0, Culture=neutral, PublicKeyToken=b03f5f7f11d50a3a" className="ServiceTest.PowerPointPresentationTest, TestProject1, Version=1.0.0.0, Culture=neutral, PublicKeyToken=null" name="prepareNotExistentPresentationTest" />
    </UnitTest>
  </TestDefinitions>
  <TestLists>
    <TestList name="Results Not in a List" id="8c84fa94-04c1-424b-9868-57a2d4851a1d" />
    <TestList name="All Loaded Results" id="19431567-8539-422a-85d7-44ee4e166bda" />
  </TestLists>
  <TestEntries>
    <TestEntry testId="52cc9fa6-20b6-5876-fd97-161240e266a6" executionId="65bc8beb-88d3-41be-8f8f-936f0253b921" testListId="8c84fa94-04c1-424b-9868-57a2d4851a1d" />
    <TestEntry testId="7ebb38ba-7376-b7b2-dce2-c3864cddd68f" executionId="29b60610-383d-471c-9ecd-0fd0c28565b7" testListId="8c84fa94-04c1-424b-9868-57a2d4851a1d" />
    <TestEntry testId="478c1c17-3400-1c75-328f-88dc2c86cee5" executionId="ca05cea9-359f-4da7-9d14-ccee3d3ec85e" testListId="8c84fa94-04c1-424b-9868-57a2d4851a1d" />
    <TestEntry testId="b8ed7e9d-26b6-2337-695d-1bc9a7e0dbbc" executionId="77509860-18af-45db-9258-ecc0caedbf0f" testListId="8c84fa94-04c1-424b-9868-57a2d4851a1d" />
    <TestEntry testId="f2657f9c-cafd-4141-1167-8a6a05f83b41" executionId="561230a2-5953-4318-8052-f2ac9a26ff09" testListId="8c84fa94-04c1-424b-9868-57a2d4851a1d" />
    <TestEntry testId="3ecc851e-2d6e-b0e2-3dce-1d1f6cde8608" executionId="0ac10462-06ec-445a-9c50-660194bcae95" testListId="8c84fa94-04c1-424b-9868-57a2d4851a1d" />
    <TestEntry testId="f21e01fc-5c5d-1397-4541-dadfeaa3788c" executionId="b5e54cb6-80c6-477a-92dc-2a218d9137b9" testListId="8c84fa94-04c1-424b-9868-57a2d4851a1d" />
    <TestEntry testId="9d52415f-0000-94fe-b8b8-d6947ae90c04" executionId="10bd64f2-b7b0-4156-8fcf-90681de25306" testListId="8c84fa94-04c1-424b-9868-57a2d4851a1d" />
    <TestEntry testId="75051a54-7acc-6f46-756e-3ff9aaa91788" executionId="ec8a9be1-e906-4c63-8930-d66045f02572" testListId="8c84fa94-04c1-424b-9868-57a2d4851a1d" />
    <TestEntry testId="849cfe64-29a2-9171-5a72-a342ec5f7923" executionId="2dc192ff-d5f1-4910-8b32-5d2b5469372f" testListId="8c84fa94-04c1-424b-9868-57a2d4851a1d" />
    <TestEntry testId="c06aed7a-e9a0-6eb6-8b9b-c8b6c656561f" executionId="15f0f597-eb95-4a91-8dfc-51a5d04c4fd6" testListId="8c84fa94-04c1-424b-9868-57a2d4851a1d" />
    <TestEntry testId="6f01f621-aba7-4d74-a317-569c4d3d8b88" executionId="8a7718e1-a463-4771-a3c1-94ede1cd2cc0" testListId="8c84fa94-04c1-424b-9868-57a2d4851a1d" />
  </TestEntries>
  <Results>
    <UnitTestResult executionId="65bc8beb-88d3-41be-8f8f-936f0253b921" testId="52cc9fa6-20b6-5876-fd97-161240e266a6" testName="prepareCorrectPresentationTest" computerName="LUCIOC-VAIO" duration="00:00:02.4567101" startTime="2013-02-09T13:07:07.3649725-02:00" endTime="2013-02-09T13:07:10.9161756-02:00" testType="13cdc9d9-ddb5-4fa4-a97d-d965ccfc6d4b" outcome="Passed" testListId="8c84fa94-04c1-424b-9868-57a2d4851a1d" relativeResultsDirectory="65bc8beb-88d3-41be-8f8f-936f0253b921">
      <Output>
        <StdOut>Open presentation</StdOut>
      </Output>
    </UnitTestResult>
    <UnitTestResult executionId="29b60610-383d-471c-9ecd-0fd0c28565b7" testId="7ebb38ba-7376-b7b2-dce2-c3864cddd68f" testName="prepareNotExistentPresentationTest" computerName="LUCIOC-VAIO" duration="00:00:35.7940473" startTime="2013-02-09T13:07:10.9391769-02:00" endTime="2013-02-09T13:07:46.7332242-02:00" testType="13cdc9d9-ddb5-4fa4-a97d-d965ccfc6d4b" outcome="Aborted" testListId="8c84fa94-04c1-424b-9868-57a2d4851a1d" relativeResultsDirectory="29b60610-383d-471c-9ecd-0fd0c28565b7">
    </UnitTestResult>
    <UnitTestResult executionId="ca05cea9-359f-4da7-9d14-ccee3d3ec85e" testId="478c1c17-3400-1c75-328f-88dc2c86cee5" testName="closePresentationTest" computerName="LUCIOC-VAIO" testType="13cdc9d9-ddb5-4fa4-a97d-d965ccfc6d4b" outcome="NotExecuted" testListId="8c84fa94-04c1-424b-9868-57a2d4851a1d" relativeResultsDirectory="ca05cea9-359f-4da7-9d14-ccee3d3ec85e">
    </UnitTestResult>
    <UnitTestResult executionId="77509860-18af-45db-9258-ecc0caedbf0f" testId="b8ed7e9d-26b6-2337-695d-1bc9a7e0dbbc" testName="closeNotStartedPresentationTest" computerName="LUCIOC-VAIO" testType="13cdc9d9-ddb5-4fa4-a97d-d965ccfc6d4b" outcome="NotExecuted" testListId="8c84fa94-04c1-424b-9868-57a2d4851a1d" relativeResultsDirectory="77509860-18af-45db-9258-ecc0caedbf0f">
    </UnitTestResult>
    <UnitTestResult executionId="561230a2-5953-4318-8052-f2ac9a26ff09" testId="f2657f9c-cafd-4141-1167-8a6a05f83b41" testName="AddTest" computerName="LUCIOC-VAIO" testType="13cdc9d9-ddb5-4fa4-a97d-d965ccfc6d4b" outcome="NotExecuted" testListId="8c84fa94-04c1-424b-9868-57a2d4851a1d" relativeResultsDirectory="561230a2-5953-4318-8052-f2ac9a26ff09">
    </UnitTestResult>
    <UnitTestResult executionId="0ac10462-06ec-445a-9c50-660194bcae95" testId="3ecc851e-2d6e-b0e2-3dce-1d1f6cde8608" testName="testUnit" computerName="LUCIOC-VAIO" testType="13cdc9d9-ddb5-4fa4-a97d-d965ccfc6d4b" outcome="NotExecuted" testListId="8c84fa94-04c1-424b-9868-57a2d4851a1d" relativeResultsDirectory="0ac10462-06ec-445a-9c50-660194bcae95">
    </UnitTestResult>
    <UnitTestResult executionId="b5e54cb6-80c6-477a-92dc-2a218d9137b9" testId="f21e01fc-5c5d-1397-4541-dadfeaa3788c" testName="AddParameterTest" computerName="LUCIOC-VAIO" testType="13cdc9d9-ddb5-4fa4-a97d-d965ccfc6d4b" outcome="NotExecuted" testListId="8c84fa94-04c1-424b-9868-57a2d4851a1d" relativeResultsDirectory="b5e54cb6-80c6-477a-92dc-2a218d9137b9">
    </UnitTestResult>
    <UnitTestResult executionId="10bd64f2-b7b0-4156-8fcf-90681de25306" testId="9d52415f-0000-94fe-b8b8-d6947ae90c04" testName="GoToSlideNumberTest" computerName="LUCIOC-VAIO" testType="13cdc9d9-ddb5-4fa4-a97d-d965ccfc6d4b" outcome="NotExecuted" testListId="8c84fa94-04c1-424b-9868-57a2d4851a1d" relativeResultsDirectory="10bd64f2-b7b0-4156-8fcf-90681de25306">
    </UnitTestResult>
    <UnitTestResult executionId="ec8a9be1-e906-4c63-8930-d66045f02572" testId="75051a54-7acc-6f46-756e-3ff9aaa91788" testName="GoToFirstSlideTest" computerName="LUCIOC-VAIO" testType="13cdc9d9-ddb5-4fa4-a97d-d965ccfc6d4b" outcome="NotExecuted" testListId="8c84fa94-04c1-424b-9868-57a2d4851a1d" relativeResultsDirectory="ec8a9be1-e906-4c63-8930-d66045f02572">
    </UnitTestResult>
    <UnitTestResult executionId="2dc192ff-d5f1-4910-8b32-5d2b5469372f" testId="849cfe64-29a2-9171-5a72-a342ec5f7923" testName="GoToLastSlideTest" computerName="LUCIOC-VAIO" testType="13cdc9d9-ddb5-4fa4-a97d-d965ccfc6d4b" outcome="NotExecuted" testListId="8c84fa94-04c1-424b-9868-57a2d4851a1d" relativeResultsDirectory="2dc192ff-d5f1-4910-8b32-5d2b5469372f">
    </UnitTestResult>
    <UnitTestResult executionId="15f0f597-eb95-4a91-8dfc-51a5d04c4fd6" testId="c06aed7a-e9a0-6eb6-8b9b-c8b6c656561f" testName="GoToNextSlideTest" computerName="LUCIOC-VAIO" testType="13cdc9d9-ddb5-4fa4-a97d-d965ccfc6d4b" outcome="NotExecuted" testListId="8c84fa94-04c1-424b-9868-57a2d4851a1d" relativeResultsDirectory="15f0f597-eb95-4a91-8dfc-51a5d04c4fd6">
    </UnitTestResult>
    <UnitTestResult executionId="8a7718e1-a463-4771-a3c1-94ede1cd2cc0" testId="6f01f621-aba7-4d74-a317-569c4d3d8b88" testName="GoToPrevioustSlideTest" computerName="LUCIOC-VAIO" testType="13cdc9d9-ddb5-4fa4-a97d-d965ccfc6d4b" outcome="NotExecuted" testListId="8c84fa94-04c1-424b-9868-57a2d4851a1d" relativeResultsDirectory="8a7718e1-a463-4771-a3c1-94ede1cd2cc0">
    </UnitTestResult>
  </Results>
</TestRun>