<?xml version="1.0" encoding="UTF-8"?>
<TestRun id="a7366003-a12d-4d2c-ac28-638744dcb28c" name="lucioc@LUCIOC-VAIO 2013-02-03 23:20:40" runUser="lucioc-VAIO\lucioc" xmlns="http://microsoft.com/schemas/VisualStudio/TeamTest/2010">
  <TestSettings name="Local" id="8cb53320-d39e-44a4-b8fa-ae4d1c0c140f">
    <Description>These are default test settings for a local test run.</Description>
    <Deployment enabled="false" runDeploymentRoot="lucioc_LUCIOC-VAIO 2013-02-03 23_20_40">
      <DeploymentItem filename="C:\Users\lucioc\Desktop\class_share\ClassService\PowerPointLibrary\bin\Debug\PowerPointLibraries.dll" />
      <DeploymentItem filename="C:\Users\lucioc\Desktop\class_share\ClassService\WcfService\bin\WcfService1.dll" />
    </Deployment>
    <Execution>
      <TestTypeSpecific />
      <AgentRule name="Execution Agents">
      </AgentRule>
    </Execution>
  </TestSettings>
  <Times creation="2013-02-03T23:20:40.2417777-02:00" queuing="2013-02-03T23:20:40.2477781-02:00" start="2013-02-03T23:20:40.2537784-02:00" finish="2013-02-03T23:20:40.5887976-02:00" />
  <ResultSummary outcome="Failed">
    <Counters total="1" executed="1" error="0" failed="1" timeout="0" aborted="0" inconclusive="0" passedButRunAborted="0" notRunnable="0" notExecuted="0" disconnected="0" warning="0" passed="0" completed="0" inProgress="0" pending="0" />
  </ResultSummary>
  <TestDefinitions>
    <UnitTest name="AddParameterTest" storage="c:\users\lucioc\desktop\class_share\classservice\servicetest\bin\debug\testproject1.dll" id="f21e01fc-5c5d-1397-4541-dadfeaa3788c">
      <Execution id="673b2d4d-83e4-46fe-bb45-def9f878b3d9" />
      <TestMethod codeBase="C:/Users/lucioc/Desktop/class_share/ClassService/ServiceTest/bin/Debug/TestProject1.DLL" adapterTypeName="Microsoft.VisualStudio.TestTools.TestTypes.Unit.UnitTestAdapter, Microsoft.VisualStudio.QualityTools.Tips.UnitTest.Adapter, Version=10.0.0.0, Culture=neutral, PublicKeyToken=b03f5f7f11d50a3a" className="TestProject1.ServiceTest, TestProject1, Version=1.0.0.0, Culture=neutral, PublicKeyToken=null" name="AddParameterTest" />
      <AspNet>
        <Host pathToWebApp="C:\Users\lucioc\Desktop\class_share\ClassService\WcfService" webAppRoot="/" />
      </AspNet>
    </UnitTest>
  </TestDefinitions>
  <TestLists>
    <TestList name="Results Not in a List" id="8c84fa94-04c1-424b-9868-57a2d4851a1d" />
    <TestList name="All Loaded Results" id="19431567-8539-422a-85d7-44ee4e166bda" />
  </TestLists>
  <TestEntries>
    <TestEntry testId="f21e01fc-5c5d-1397-4541-dadfeaa3788c" executionId="673b2d4d-83e4-46fe-bb45-def9f878b3d9" testListId="8c84fa94-04c1-424b-9868-57a2d4851a1d" />
  </TestEntries>
  <Results>
    <UnitTestResult executionId="673b2d4d-83e4-46fe-bb45-def9f878b3d9" testId="f21e01fc-5c5d-1397-4541-dadfeaa3788c" testName="AddParameterTest" computerName="LUCIOC-VAIO" duration="00:00:00.0741093" startTime="2013-02-03T23:20:40.2577786-02:00" endTime="2013-02-03T23:20:40.5767969-02:00" testType="13cdc9d9-ddb5-4fa4-a97d-d965ccfc6d4b" outcome="Failed" testListId="8c84fa94-04c1-424b-9868-57a2d4851a1d" relativeResultsDirectory="673b2d4d-83e4-46fe-bb45-def9f878b3d9">
      <Output>
        <ErrorInfo>
          <Message>Test method TestProject1.ServiceTest.AddParameterTest threw exception: 
System.InvalidOperationException: Não foi possível localizar o elemento de ponto de extremidade padrão que referencia o contrato 'ClassService.IService' na seção de configuração do ServiceModel cliente. Isso pode ter ocorrido devido à falta de um arquivo de configuração para o seu aplicativo ou porque nenhum elemento de ponto de extremidade correspondendo a este contrato pôde ser encontrado no elemento cliente.</Message>
          <StackTrace>    em System.ServiceModel.Description.ConfigLoader.LoadChannelBehaviors(ServiceEndpoint serviceEndpoint, String configurationName)
   em System.ServiceModel.ChannelFactory.ApplyConfiguration(String configurationName, Configuration configuration)
   em System.ServiceModel.ChannelFactory.ApplyConfiguration(String configurationName)
   em System.ServiceModel.ChannelFactory.InitializeEndpoint(String configurationName, EndpointAddress address)
   em System.ServiceModel.ChannelFactory`1..ctor(String endpointConfigurationName, EndpointAddress remoteAddress)
   em System.ServiceModel.EndpointTrait`1.CreateSimplexFactory()
   em System.ServiceModel.ClientBase`1.CreateChannelFactoryRef(EndpointTrait`1 endpointTrait)
   em System.ServiceModel.ClientBase`1.InitializeChannelFactoryRef()
   em System.ServiceModel.ClientBase`1..ctor()
   em TestProject1.ServiceClient..ctor()
   em TestProject1.ServiceTest.AddParameterTest() na C:\Users\lucioc\Desktop\class_share\ClassService\ServiceTest\ServiceTest.cs:linha 154
</StackTrace>
        </ErrorInfo>
      </Output>
    </UnitTestResult>
  </Results>
</TestRun>