<?xml version="1.0" encoding="UTF-8"?>
<TestRun id="fe8b2c49-4289-4ece-b5de-e99c5d264397" name="lucioc@LUCIOC-VAIO 2013-02-03 22:31:43" runUser="lucioc-VAIO\lucioc" xmlns="http://microsoft.com/schemas/VisualStudio/TeamTest/2010">
  <TestSettings name="Local" id="8cb53320-d39e-44a4-b8fa-ae4d1c0c140f">
    <Description>These are default test settings for a local test run.</Description>
    <Deployment enabled="false" runDeploymentRoot="lucioc_LUCIOC-VAIO 2013-02-03 22_31_43">
      <DeploymentItem filename="C:\Users\lucioc\Desktop\class_share\ClassService\PowerPointLibrary\bin\Debug\PowerPointLibraries.dll" />
      <DeploymentItem filename="C:\Users\lucioc\Desktop\class_share\ClassService\WcfService\bin\WcfService1.dll" />
    </Deployment>
    <Execution>
      <TestTypeSpecific />
      <AgentRule name="Execution Agents">
      </AgentRule>
    </Execution>
  </TestSettings>
  <Times creation="2013-02-03T22:31:43.1937882-02:00" queuing="2013-02-03T22:31:43.1997885-02:00" start="2013-02-03T22:31:43.2077890-02:00" finish="2013-02-03T22:31:43.2397908-02:00" />
  <ResultSummary outcome="Failed">
    <Counters total="1" executed="1" error="0" failed="1" timeout="0" aborted="0" inconclusive="0" passedButRunAborted="0" notRunnable="0" notExecuted="0" disconnected="0" warning="0" passed="0" completed="0" inProgress="0" pending="0" />
  </ResultSummary>
  <TestDefinitions>
    <UnitTest name="AddTest" storage="c:\users\lucioc\desktop\class_share\classservice\servicetest\bin\debug\testproject1.dll" id="f2657f9c-cafd-4141-1167-8a6a05f83b41">
      <Execution id="0bac49b8-37a6-4f1d-93ad-711fdd8b0588" />
      <TestMethod codeBase="C:/Users/lucioc/Desktop/class_share/ClassService/ServiceTest/bin/Debug/TestProject1.DLL" adapterTypeName="Microsoft.VisualStudio.TestTools.TestTypes.Unit.UnitTestAdapter, Microsoft.VisualStudio.QualityTools.Tips.UnitTest.Adapter, Version=10.0.0.0, Culture=neutral, PublicKeyToken=b03f5f7f11d50a3a" className="TestProject1.ServiceTest, TestProject1, Version=1.0.0.0, Culture=neutral, PublicKeyToken=null" name="AddTest" />
      <AspNet>
        <Host pathToWebApp="C:\Users\lucioc\Desktop\class_share\ClassService\WcfService" webAppRoot="/" />
      </AspNet>
    </UnitTest>
  </TestDefinitions>
  <TestLists>
    <TestList name="Results Not in a List" id="8c84fa94-04c1-424b-9868-57a2d4851a1d" />
    <TestList name="All Loaded Results" id="19431567-8539-422a-85d7-44ee4e166bda" />
  </TestLists>
  <TestEntries>
    <TestEntry testId="f2657f9c-cafd-4141-1167-8a6a05f83b41" executionId="0bac49b8-37a6-4f1d-93ad-711fdd8b0588" testListId="8c84fa94-04c1-424b-9868-57a2d4851a1d" />
  </TestEntries>
  <Results>
    <UnitTestResult executionId="0bac49b8-37a6-4f1d-93ad-711fdd8b0588" testId="f2657f9c-cafd-4141-1167-8a6a05f83b41" testName="AddTest" computerName="LUCIOC-VAIO" startTime="2013-02-03T22:31:43.2197897-02:00" endTime="2013-02-03T22:31:43.2337905-02:00" testType="13cdc9d9-ddb5-4fa4-a97d-d965ccfc6d4b" outcome="Failed" testListId="8c84fa94-04c1-424b-9868-57a2d4851a1d" relativeResultsDirectory="0bac49b8-37a6-4f1d-93ad-711fdd8b0588">
      <Output>
        <ErrorInfo>
          <Message>The URL to test is not specified. Tests configured to run in ASP.NET must specify a valid URL.</Message>
        </ErrorInfo>
      </Output>
    </UnitTestResult>
  </Results>
</TestRun>