<?xml version="1.0" encoding="UTF-8"?>
<TestRun id="d24c9f6c-15a9-460b-b090-57ee63be2db4" name="lucioc@LUCIOC-VAIO 2013-02-15 20:40:36" runUser="lucioc-VAIO\lucioc" xmlns="http://microsoft.com/schemas/VisualStudio/TeamTest/2010">
  <TestSettings name="Local" id="8cb53320-d39e-44a4-b8fa-ae4d1c0c140f">
    <Description>These are default test settings for a local test run.</Description>
    <Deployment enabled="false" runDeploymentRoot="lucioc_LUCIOC-VAIO 2013-02-15 20_40_36">
      <DeploymentItem filename="C:\Users\lucioc\Desktop\class_share\ClassService\packages\Autofac.3.0.1\lib\net40\Autofac.dll" />
      <DeploymentItem filename="C:\Users\lucioc\Desktop\class_share\ClassService\packages\Autofac.3.0.1\lib\net40\Autofac.Configuration.dll" />
      <DeploymentItem filename="C:\Users\lucioc\Desktop\class_share\ClassService\WcfService\bin\WcfService1.dll" />
      <DeploymentItem filename="C:\Users\lucioc\Desktop\class_share\ClassService\CommonUtils\bin\Debug\CommonUtils.dll" />
      <DeploymentItem filename="C:\Users\lucioc\Desktop\class_share\ClassService\packages\Moq.4.0.10827\lib\NET40\Moq.dll" />
      <DeploymentItem filename="C:\Users\lucioc\Desktop\class_share\ClassService\PowerPointLibrary\bin\Debug\PowerPointLibraries.dll" />
    </Deployment>
    <Execution>
      <TestTypeSpecific />
      <AgentRule name="Execution Agents">
      </AgentRule>
    </Execution>
  </TestSettings>
  <Times creation="2013-02-15T20:40:36.5821777-02:00" queuing="2013-02-15T20:40:36.5911782-02:00" start="2013-02-15T20:40:36.6071791-02:00" finish="2013-02-15T20:40:36.8171912-02:00" />
  <ResultSummary outcome="Completed">
    <Counters total="1" executed="1" passed="1" error="0" failed="0" timeout="0" aborted="0" inconclusive="0" passedButRunAborted="0" notRunnable="0" notExecuted="0" disconnected="0" warning="0" completed="0" inProgress="0" pending="0" />
  </ResultSummary>
  <TestDefinitions>
    <UnitTest name="CloseFileTest" storage="c:\users\lucioc\desktop\class_share\classservice\servicetest\bin\debug\testproject1.dll" id="c3bed0a3-669a-e0fa-0888-e66ba7f93147">
      <Execution id="66a92e99-2ed9-4882-86e4-ad0aeb0ffc69" />
      <TestMethod codeBase="C:/Users/lucioc/Desktop/class_share/ClassService/ServiceTest/bin/Debug/TestProject1.DLL" adapterTypeName="Microsoft.VisualStudio.TestTools.TestTypes.Unit.UnitTestAdapter, Microsoft.VisualStudio.QualityTools.Tips.UnitTest.Adapter, Version=10.0.0.0, Culture=neutral, PublicKeyToken=b03f5f7f11d50a3a" className="TestProject1.FileManagerTest, TestProject1, Version=1.0.0.0, Culture=neutral, PublicKeyToken=null" name="CloseFileTest" />
    </UnitTest>
  </TestDefinitions>
  <TestLists>
    <TestList name="Results Not in a List" id="8c84fa94-04c1-424b-9868-57a2d4851a1d" />
    <TestList name="All Loaded Results" id="19431567-8539-422a-85d7-44ee4e166bda" />
  </TestLists>
  <TestEntries>
    <TestEntry testId="c3bed0a3-669a-e0fa-0888-e66ba7f93147" executionId="66a92e99-2ed9-4882-86e4-ad0aeb0ffc69" testListId="8c84fa94-04c1-424b-9868-57a2d4851a1d" />
  </TestEntries>
  <Results>
    <UnitTestResult executionId="66a92e99-2ed9-4882-86e4-ad0aeb0ffc69" testId="c3bed0a3-669a-e0fa-0888-e66ba7f93147" testName="CloseFileTest" computerName="LUCIOC-VAIO" duration="00:00:00.0143467" startTime="2013-02-15T20:40:36.6181798-02:00" endTime="2013-02-15T20:40:36.7971900-02:00" testType="13cdc9d9-ddb5-4fa4-a97d-d965ccfc6d4b" outcome="Passed" testListId="8c84fa94-04c1-424b-9868-57a2d4851a1d" relativeResultsDirectory="66a92e99-2ed9-4882-86e4-ad0aeb0ffc69">
    </UnitTestResult>
  </Results>
</TestRun>