<?xml version="1.0" encoding="UTF-8"?>
<TestRun id="5e1f2f0a-01bf-4f61-9a83-7062b14e14f4" name="lucioc@LUCIOC-VAIO 2013-02-03 22:37:18" runUser="lucioc-VAIO\lucioc" xmlns="http://microsoft.com/schemas/VisualStudio/TeamTest/2010">
  <TestSettings name="Local" id="8cb53320-d39e-44a4-b8fa-ae4d1c0c140f">
    <Description>These are default test settings for a local test run.</Description>
    <Deployment enabled="false" runDeploymentRoot="lucioc_LUCIOC-VAIO 2013-02-03 22_37_18">
      <DeploymentItem filename="C:\Users\lucioc\Desktop\class_share\ClassService\PowerPointLibrary\bin\Debug\PowerPointLibraries.dll" />
      <DeploymentItem filename="C:\Users\lucioc\Desktop\class_share\ClassService\WcfService\bin\WcfService1.dll" />
    </Deployment>
    <Execution>
      <TestTypeSpecific />
      <AgentRule name="Execution Agents">
      </AgentRule>
    </Execution>
  </TestSettings>
  <Times creation="2013-02-03T22:37:18.7339800-02:00" queuing="2013-02-03T22:37:18.7439806-02:00" start="2013-02-03T22:37:18.7559812-02:00" finish="2013-02-03T22:37:21.1751196-02:00" />
  <ResultSummary outcome="Failed">
    <Counters total="1" executed="1" error="0" failed="1" timeout="0" aborted="0" inconclusive="0" passedButRunAborted="0" notRunnable="0" notExecuted="0" disconnected="0" warning="0" passed="0" completed="0" inProgress="0" pending="0" />
  </ResultSummary>
  <TestDefinitions>
    <UnitTest name="AddTest" storage="c:\users\lucioc\desktop\class_share\classservice\servicetest\bin\debug\testproject1.dll" id="f2657f9c-cafd-4141-1167-8a6a05f83b41">
      <Execution id="7c0d4c34-0921-46a1-add6-e04e4f13115b" />
      <TestMethod codeBase="C:/Users/lucioc/Desktop/class_share/ClassService/ServiceTest/bin/Debug/TestProject1.DLL" adapterTypeName="Microsoft.VisualStudio.TestTools.TestTypes.Unit.UnitTestAdapter, Microsoft.VisualStudio.QualityTools.Tips.UnitTest.Adapter, Version=10.0.0.0, Culture=neutral, PublicKeyToken=b03f5f7f11d50a3a" className="TestProject1.ServiceTest, TestProject1, Version=1.0.0.0, Culture=neutral, PublicKeyToken=null" name="AddTest" />
      <AspNet>
        <Host pathToWebApp="C:\Users\lucioc\Desktop\class_share\ClassService\WcfService" webAppRoot="/" />
      </AspNet>
    </UnitTest>
  </TestDefinitions>
  <TestLists>
    <TestList name="Results Not in a List" id="8c84fa94-04c1-424b-9868-57a2d4851a1d" />
    <TestList name="All Loaded Results" id="19431567-8539-422a-85d7-44ee4e166bda" />
  </TestLists>
  <TestEntries>
    <TestEntry testId="f2657f9c-cafd-4141-1167-8a6a05f83b41" executionId="7c0d4c34-0921-46a1-add6-e04e4f13115b" testListId="8c84fa94-04c1-424b-9868-57a2d4851a1d" />
  </TestEntries>
  <Results>
    <UnitTestResult executionId="7c0d4c34-0921-46a1-add6-e04e4f13115b" testId="f2657f9c-cafd-4141-1167-8a6a05f83b41" testName="AddTest" computerName="LUCIOC-VAIO" duration="00:00:02.1646625" startTime="2013-02-03T22:37:18.7629816-02:00" endTime="2013-02-03T22:37:21.1381175-02:00" testType="13cdc9d9-ddb5-4fa4-a97d-d965ccfc6d4b" outcome="Failed" testListId="8c84fa94-04c1-424b-9868-57a2d4851a1d" relativeResultsDirectory="7c0d4c34-0921-46a1-add6-e04e4f13115b">
      <Output>
        <ErrorInfo>
          <Message>Test method TestProject1.ServiceTest.AddTest threw exception: 
System.Net.WebException: Impossível conectar-se ao servidor remoto ---&gt; System.Net.Sockets.SocketException: Nenhuma conexão pôde ser feita porque a máquina de destino as recusou ativamente 127.0.0.1:2475</Message>
          <StackTrace>    em System.Net.Sockets.Socket.DoConnect(EndPoint endPointSnapshot, SocketAddress socketAddress)
   em System.Net.ServicePoint.ConnectSocketInternal(Boolean connectFailure, Socket s4, Socket s6, Socket&amp; socket, IPAddress&amp; address, ConnectSocketState state, IAsyncResult asyncResult, Int32 timeout, Exception&amp; exception)
 --- End of inner exception stack trace ---
    em System.Net.HttpWebRequest.GetResponse()
   em TestProject1.ServiceTest.get(Uri address) na C:\Users\lucioc\Desktop\class_share\ClassService\ServiceTest\ServiceTest.cs:linha 75
   em TestProject1.ServiceTest.AddTest() na C:\Users\lucioc\Desktop\class_share\ClassService\ServiceTest\ServiceTest.cs:linha 106
</StackTrace>
        </ErrorInfo>
      </Output>
    </UnitTestResult>
  </Results>
</TestRun>