<?xml version="1.0" encoding="UTF-8"?>
<TestRun id="2ceab87b-cb36-4ad3-b272-0fee6ff4fbe2" name="lucioc@LUCIOC-VAIO 2013-02-03 23:18:39" runUser="lucioc-VAIO\lucioc" xmlns="http://microsoft.com/schemas/VisualStudio/TeamTest/2010">
  <TestSettings name="Local" id="8cb53320-d39e-44a4-b8fa-ae4d1c0c140f">
    <Description>These are default test settings for a local test run.</Description>
    <Deployment enabled="false" runDeploymentRoot="lucioc_LUCIOC-VAIO 2013-02-03 23_18_39">
      <DeploymentItem filename="C:\Users\lucioc\Desktop\class_share\ClassService\PowerPointLibrary\bin\Debug\PowerPointLibraries.dll" />
      <DeploymentItem filename="C:\Users\lucioc\Desktop\class_share\ClassService\WcfService\bin\WcfService1.dll" />
    </Deployment>
    <Execution>
      <TestTypeSpecific />
      <AgentRule name="Execution Agents">
      </AgentRule>
    </Execution>
  </TestSettings>
  <Times creation="2013-02-03T23:18:39.4018661-02:00" queuing="2013-02-03T23:18:39.4078664-02:00" start="2013-02-03T23:18:39.4278676-02:00" finish="2013-02-03T23:18:39.6978830-02:00" />
  <ResultSummary outcome="Failed">
    <Counters total="3" executed="3" passed="2" error="0" failed="1" timeout="0" aborted="0" inconclusive="0" passedButRunAborted="0" notRunnable="0" notExecuted="0" disconnected="0" warning="0" completed="0" inProgress="0" pending="0" />
  </ResultSummary>
  <TestDefinitions>
    <UnitTest name="testUnit" storage="c:\users\lucioc\desktop\class_share\classservice\servicetest\bin\debug\testproject1.dll" id="3ecc851e-2d6e-b0e2-3dce-1d1f6cde8608">
      <Execution id="2c38cbe3-6927-4fa0-963f-102422a61819" />
      <TestMethod codeBase="C:/Users/lucioc/Desktop/class_share/ClassService/ServiceTest/bin/Debug/TestProject1.DLL" adapterTypeName="Microsoft.VisualStudio.TestTools.TestTypes.Unit.UnitTestAdapter, Microsoft.VisualStudio.QualityTools.Tips.UnitTest.Adapter, Version=10.0.0.0, Culture=neutral, PublicKeyToken=b03f5f7f11d50a3a" className="TestProject1.ServiceTest, TestProject1, Version=1.0.0.0, Culture=neutral, PublicKeyToken=null" name="testUnit" />
      <AspNet webSiteUrl="http://localhost:2475/Service.svc/" />
    </UnitTest>
    <UnitTest name="AddTest" storage="c:\users\lucioc\desktop\class_share\classservice\servicetest\bin\debug\testproject1.dll" id="f2657f9c-cafd-4141-1167-8a6a05f83b41">
      <Execution id="e449f413-628f-4022-aa5d-e853b2c4936c" />
      <TestMethod codeBase="C:/Users/lucioc/Desktop/class_share/ClassService/ServiceTest/bin/Debug/TestProject1.DLL" adapterTypeName="Microsoft.VisualStudio.TestTools.TestTypes.Unit.UnitTestAdapter, Microsoft.VisualStudio.QualityTools.Tips.UnitTest.Adapter, Version=10.0.0.0, Culture=neutral, PublicKeyToken=b03f5f7f11d50a3a" className="TestProject1.ServiceTest, TestProject1, Version=1.0.0.0, Culture=neutral, PublicKeyToken=null" name="AddTest" />
      <AspNet>
        <Host pathToWebApp="C:\Users\lucioc\Desktop\class_share\ClassService\WcfService" webAppRoot="/" />
      </AspNet>
    </UnitTest>
    <UnitTest name="AddParameterTest" storage="c:\users\lucioc\desktop\class_share\classservice\servicetest\bin\debug\testproject1.dll" id="f21e01fc-5c5d-1397-4541-dadfeaa3788c">
      <Execution id="f91ba83e-7b63-4cac-af84-5e873088ca00" />
      <TestMethod codeBase="C:/Users/lucioc/Desktop/class_share/ClassService/ServiceTest/bin/Debug/TestProject1.DLL" adapterTypeName="Microsoft.VisualStudio.TestTools.TestTypes.Unit.UnitTestAdapter, Microsoft.VisualStudio.QualityTools.Tips.UnitTest.Adapter, Version=10.0.0.0, Culture=neutral, PublicKeyToken=b03f5f7f11d50a3a" className="TestProject1.ServiceTest, TestProject1, Version=1.0.0.0, Culture=neutral, PublicKeyToken=null" name="AddParameterTest" />
      <AspNet>
        <Host pathToWebApp="C:\Users\lucioc\Desktop\class_share\ClassService\WcfService" webAppRoot="/" />
      </AspNet>
    </UnitTest>
  </TestDefinitions>
  <TestLists>
    <TestList name="Results Not in a List" id="8c84fa94-04c1-424b-9868-57a2d4851a1d" />
    <TestList name="All Loaded Results" id="19431567-8539-422a-85d7-44ee4e166bda" />
  </TestLists>
  <TestEntries>
    <TestEntry testId="3ecc851e-2d6e-b0e2-3dce-1d1f6cde8608" executionId="2c38cbe3-6927-4fa0-963f-102422a61819" testListId="8c84fa94-04c1-424b-9868-57a2d4851a1d" />
    <TestEntry testId="f21e01fc-5c5d-1397-4541-dadfeaa3788c" executionId="f91ba83e-7b63-4cac-af84-5e873088ca00" testListId="8c84fa94-04c1-424b-9868-57a2d4851a1d" />
    <TestEntry testId="f2657f9c-cafd-4141-1167-8a6a05f83b41" executionId="e449f413-628f-4022-aa5d-e853b2c4936c" testListId="8c84fa94-04c1-424b-9868-57a2d4851a1d" />
  </TestEntries>
  <Results>
    <UnitTestResult executionId="2c38cbe3-6927-4fa0-963f-102422a61819" testId="3ecc851e-2d6e-b0e2-3dce-1d1f6cde8608" testName="testUnit" computerName="LUCIOC-VAIO" duration="00:00:00.0153539" startTime="2013-02-03T23:18:39.4298677-02:00" endTime="2013-02-03T23:18:39.6538805-02:00" testType="13cdc9d9-ddb5-4fa4-a97d-d965ccfc6d4b" outcome="Passed" testListId="8c84fa94-04c1-424b-9868-57a2d4851a1d" relativeResultsDirectory="2c38cbe3-6927-4fa0-963f-102422a61819">
    </UnitTestResult>
    <UnitTestResult executionId="f91ba83e-7b63-4cac-af84-5e873088ca00" testId="f21e01fc-5c5d-1397-4541-dadfeaa3788c" testName="AddParameterTest" computerName="LUCIOC-VAIO" duration="00:00:00.0171786" startTime="2013-02-03T23:18:39.6548805-02:00" endTime="2013-02-03T23:18:39.6768818-02:00" testType="13cdc9d9-ddb5-4fa4-a97d-d965ccfc6d4b" outcome="Failed" testListId="8c84fa94-04c1-424b-9868-57a2d4851a1d" relativeResultsDirectory="f91ba83e-7b63-4cac-af84-5e873088ca00">
      <Output>
        <ErrorInfo>
          <Message>Test method TestProject1.ServiceTest.AddParameterTest threw exception: 
System.NullReferenceException: Referência de objeto não definida para uma instância de um objeto.</Message>
          <StackTrace>    em ClassService.Service.AddParameter(MyContract name) na C:\Users\lucioc\Desktop\class_share\ClassService\WcfService\Service.svc.cs:linha 19
   em TestProject1.ServiceTest.AddParameterTest() na C:\Users\lucioc\Desktop\class_share\ClassService\ServiceTest\ServiceTest.cs:linha 148
</StackTrace>
        </ErrorInfo>
      </Output>
    </UnitTestResult>
    <UnitTestResult executionId="e449f413-628f-4022-aa5d-e853b2c4936c" testId="f2657f9c-cafd-4141-1167-8a6a05f83b41" testName="AddTest" computerName="LUCIOC-VAIO" duration="00:00:00.0002935" startTime="2013-02-03T23:18:39.6788819-02:00" endTime="2013-02-03T23:18:39.6848823-02:00" testType="13cdc9d9-ddb5-4fa4-a97d-d965ccfc6d4b" outcome="Passed" testListId="8c84fa94-04c1-424b-9868-57a2d4851a1d" relativeResultsDirectory="e449f413-628f-4022-aa5d-e853b2c4936c">
    </UnitTestResult>
  </Results>
</TestRun>