<?xml version="1.0" encoding="UTF-8"?>
<TestRun id="157248e1-8039-47bc-a416-2de90a620fed" name="lucioc@LUCIOC-VAIO 2013-02-03 22:34:06" runUser="lucioc-VAIO\lucioc" xmlns="http://microsoft.com/schemas/VisualStudio/TeamTest/2010">
  <TestSettings name="Local" id="8cb53320-d39e-44a4-b8fa-ae4d1c0c140f">
    <Description>These are default test settings for a local test run.</Description>
    <Deployment enabled="false" runDeploymentRoot="lucioc_LUCIOC-VAIO 2013-02-03 22_34_06">
      <DeploymentItem filename="C:\Users\lucioc\Desktop\class_share\ClassService\PowerPointLibrary\bin\Debug\PowerPointLibraries.dll" />
      <DeploymentItem filename="C:\Users\lucioc\Desktop\class_share\ClassService\WcfService\bin\WcfService1.dll" />
    </Deployment>
    <Execution>
      <TestTypeSpecific />
      <AgentRule name="Execution Agents">
      </AgentRule>
    </Execution>
  </TestSettings>
  <Times creation="2013-02-03T22:34:06.3599768-02:00" queuing="2013-02-03T22:34:06.3689773-02:00" start="2013-02-03T22:34:06.3769778-02:00" finish="2013-02-03T22:34:06.6269921-02:00" />
  <ResultSummary outcome="Completed">
    <Counters total="1" executed="1" passed="1" error="0" failed="0" timeout="0" aborted="0" inconclusive="0" passedButRunAborted="0" notRunnable="0" notExecuted="0" disconnected="0" warning="0" completed="0" inProgress="0" pending="0" />
  </ResultSummary>
  <TestDefinitions>
    <UnitTest name="AddTest" storage="c:\users\lucioc\desktop\class_share\classservice\servicetest\bin\debug\testproject1.dll" id="f2657f9c-cafd-4141-1167-8a6a05f83b41">
      <Execution id="c216c955-29df-48af-9d61-bdee8906509d" />
      <TestMethod codeBase="C:/Users/lucioc/Desktop/class_share/ClassService/ServiceTest/bin/Debug/TestProject1.DLL" adapterTypeName="Microsoft.VisualStudio.TestTools.TestTypes.Unit.UnitTestAdapter, Microsoft.VisualStudio.QualityTools.Tips.UnitTest.Adapter, Version=10.0.0.0, Culture=neutral, PublicKeyToken=b03f5f7f11d50a3a" className="TestProject1.ServiceTest, TestProject1, Version=1.0.0.0, Culture=neutral, PublicKeyToken=null" name="AddTest" />
      <AspNet>
        <Host pathToWebApp="C:\Users\lucioc\Desktop\class_share\ClassService\WcfService" webAppRoot="/" />
      </AspNet>
    </UnitTest>
  </TestDefinitions>
  <TestLists>
    <TestList name="Results Not in a List" id="8c84fa94-04c1-424b-9868-57a2d4851a1d" />
    <TestList name="All Loaded Results" id="19431567-8539-422a-85d7-44ee4e166bda" />
  </TestLists>
  <TestEntries>
    <TestEntry testId="f2657f9c-cafd-4141-1167-8a6a05f83b41" executionId="c216c955-29df-48af-9d61-bdee8906509d" testListId="8c84fa94-04c1-424b-9868-57a2d4851a1d" />
  </TestEntries>
  <Results>
    <UnitTestResult executionId="c216c955-29df-48af-9d61-bdee8906509d" testId="f2657f9c-cafd-4141-1167-8a6a05f83b41" testName="AddTest" computerName="LUCIOC-VAIO" duration="00:00:00.0113948" startTime="2013-02-03T22:34:06.3899785-02:00" endTime="2013-02-03T22:34:06.6019907-02:00" testType="13cdc9d9-ddb5-4fa4-a97d-d965ccfc6d4b" outcome="Passed" testListId="8c84fa94-04c1-424b-9868-57a2d4851a1d" relativeResultsDirectory="c216c955-29df-48af-9d61-bdee8906509d">
    </UnitTestResult>
  </Results>
</TestRun>