<?xml version="1.0" encoding="UTF-8"?>
<TestRun id="6a34d79d-0690-4951-bb81-2446a4c89d24" name="lucioc@LUCIOC-VAIO 2013-02-03 17:07:50" runUser="lucioc-VAIO\lucioc" xmlns="http://microsoft.com/schemas/VisualStudio/TeamTest/2010">
  <TestSettings name="Local" id="8cb53320-d39e-44a4-b8fa-ae4d1c0c140f">
    <Description>These are default test settings for a local test run.</Description>
    <Deployment enabled="false" runDeploymentRoot="lucioc_LUCIOC-VAIO 2013-02-03 17_07_50">
      <DeploymentItem filename="C:\Users\lucioc\Desktop\class_share\Samples\WCF\WcfService1\WcfService1\bin\WcfService1.dll" />
      <DeploymentItem filename="C:\Users\lucioc\Desktop\class_share\Samples\WCF\WcfService1\PowerPointLibraries\bin\Debug\PowerPointLibraries.dll" />
    </Deployment>
    <Execution>
      <TestTypeSpecific />
      <AgentRule name="Execution Agents">
      </AgentRule>
    </Execution>
  </TestSettings>
  <Times creation="2013-02-03T17:07:50.4325241-02:00" queuing="2013-02-03T17:07:50.4395245-02:00" start="2013-02-03T17:07:50.4525252-02:00" finish="2013-02-03T17:08:12.1164337-02:00" />
  <ResultSummary outcome="Failed">
    <Counters total="5" executed="5" passed="4" error="0" failed="1" timeout="0" aborted="0" inconclusive="0" passedButRunAborted="0" notRunnable="0" notExecuted="0" disconnected="0" warning="0" completed="0" inProgress="0" pending="0" />
  </ResultSummary>
  <TestDefinitions>
    <UnitTest name="GoToLastSlideTest" storage="c:\users\lucioc\desktop\class_share\samples\wcf\wcfservice1\testproject1\bin\debug\testproject1.dll" id="17bcbf66-c63d-d576-931b-799521e55765">
      <Execution id="4cb0b93b-02cd-4bd5-8578-c336ec2b41a1" />
      <TestMethod codeBase="C:/Users/lucioc/Desktop/class_share/Samples/WCF/WcfService1/TestProject1/bin/Debug/TestProject1.DLL" adapterTypeName="Microsoft.VisualStudio.TestTools.TestTypes.Unit.UnitTestAdapter, Microsoft.VisualStudio.QualityTools.Tips.UnitTest.Adapter, Version=10.0.0.0, Culture=neutral, PublicKeyToken=b03f5f7f11d50a3a" className="TestProject1.PowerPointControlTest, TestProject1, Version=1.0.0.0, Culture=neutral, PublicKeyToken=null" name="GoToLastSlideTest" />
    </UnitTest>
    <UnitTest name="GoToNextSlideTest" storage="c:\users\lucioc\desktop\class_share\samples\wcf\wcfservice1\testproject1\bin\debug\testproject1.dll" id="7b2a21ed-7842-a515-bc36-c73d8317a1a2">
      <Execution id="61d24ebf-2ca2-4bbc-8f17-dd27754831b7" />
      <TestMethod codeBase="C:/Users/lucioc/Desktop/class_share/Samples/WCF/WcfService1/TestProject1/bin/Debug/TestProject1.DLL" adapterTypeName="Microsoft.VisualStudio.TestTools.TestTypes.Unit.UnitTestAdapter, Microsoft.VisualStudio.QualityTools.Tips.UnitTest.Adapter, Version=10.0.0.0, Culture=neutral, PublicKeyToken=b03f5f7f11d50a3a" className="TestProject1.PowerPointControlTest, TestProject1, Version=1.0.0.0, Culture=neutral, PublicKeyToken=null" name="GoToNextSlideTest" />
    </UnitTest>
    <UnitTest name="GoToSlideNumberTest" storage="c:\users\lucioc\desktop\class_share\samples\wcf\wcfservice1\testproject1\bin\debug\testproject1.dll" id="d132e612-4837-2d12-046f-a1d1d776af8a">
      <Execution id="c539cd9e-9852-46eb-95d3-ac28111fcb87" />
      <TestMethod codeBase="C:/Users/lucioc/Desktop/class_share/Samples/WCF/WcfService1/TestProject1/bin/Debug/TestProject1.DLL" adapterTypeName="Microsoft.VisualStudio.TestTools.TestTypes.Unit.UnitTestAdapter, Microsoft.VisualStudio.QualityTools.Tips.UnitTest.Adapter, Version=10.0.0.0, Culture=neutral, PublicKeyToken=b03f5f7f11d50a3a" className="TestProject1.PowerPointControlTest, TestProject1, Version=1.0.0.0, Culture=neutral, PublicKeyToken=null" name="GoToSlideNumberTest" />
    </UnitTest>
    <UnitTest name="GoToPrevioustSlideTest" storage="c:\users\lucioc\desktop\class_share\samples\wcf\wcfservice1\testproject1\bin\debug\testproject1.dll" id="81c44fed-a869-0b8d-bace-ca65dad2a800">
      <Execution id="5e2b7b57-ba5a-4a68-bbfc-61c011c59901" />
      <TestMethod codeBase="C:/Users/lucioc/Desktop/class_share/Samples/WCF/WcfService1/TestProject1/bin/Debug/TestProject1.DLL" adapterTypeName="Microsoft.VisualStudio.TestTools.TestTypes.Unit.UnitTestAdapter, Microsoft.VisualStudio.QualityTools.Tips.UnitTest.Adapter, Version=10.0.0.0, Culture=neutral, PublicKeyToken=b03f5f7f11d50a3a" className="TestProject1.PowerPointControlTest, TestProject1, Version=1.0.0.0, Culture=neutral, PublicKeyToken=null" name="GoToPrevioustSlideTest" />
    </UnitTest>
    <UnitTest name="GoToFirstSlideTest" storage="c:\users\lucioc\desktop\class_share\samples\wcf\wcfservice1\testproject1\bin\debug\testproject1.dll" id="861a307a-71f7-f20b-bab6-2616eb0e999d">
      <Execution id="5b355641-0aff-42e1-a365-f1256b1000b4" />
      <TestMethod codeBase="C:/Users/lucioc/Desktop/class_share/Samples/WCF/WcfService1/TestProject1/bin/Debug/TestProject1.DLL" adapterTypeName="Microsoft.VisualStudio.TestTools.TestTypes.Unit.UnitTestAdapter, Microsoft.VisualStudio.QualityTools.Tips.UnitTest.Adapter, Version=10.0.0.0, Culture=neutral, PublicKeyToken=b03f5f7f11d50a3a" className="TestProject1.PowerPointControlTest, TestProject1, Version=1.0.0.0, Culture=neutral, PublicKeyToken=null" name="GoToFirstSlideTest" />
    </UnitTest>
  </TestDefinitions>
  <TestLists>
    <TestList name="Results Not in a List" id="8c84fa94-04c1-424b-9868-57a2d4851a1d" />
    <TestList name="All Loaded Results" id="19431567-8539-422a-85d7-44ee4e166bda" />
  </TestLists>
  <TestEntries>
    <TestEntry testId="17bcbf66-c63d-d576-931b-799521e55765" executionId="4cb0b93b-02cd-4bd5-8578-c336ec2b41a1" testListId="8c84fa94-04c1-424b-9868-57a2d4851a1d" />
    <TestEntry testId="7b2a21ed-7842-a515-bc36-c73d8317a1a2" executionId="61d24ebf-2ca2-4bbc-8f17-dd27754831b7" testListId="8c84fa94-04c1-424b-9868-57a2d4851a1d" />
    <TestEntry testId="81c44fed-a869-0b8d-bace-ca65dad2a800" executionId="5e2b7b57-ba5a-4a68-bbfc-61c011c59901" testListId="8c84fa94-04c1-424b-9868-57a2d4851a1d" />
    <TestEntry testId="861a307a-71f7-f20b-bab6-2616eb0e999d" executionId="5b355641-0aff-42e1-a365-f1256b1000b4" testListId="8c84fa94-04c1-424b-9868-57a2d4851a1d" />
    <TestEntry testId="d132e612-4837-2d12-046f-a1d1d776af8a" executionId="c539cd9e-9852-46eb-95d3-ac28111fcb87" testListId="8c84fa94-04c1-424b-9868-57a2d4851a1d" />
  </TestEntries>
  <Results>
    <UnitTestResult executionId="4cb0b93b-02cd-4bd5-8578-c336ec2b41a1" testId="17bcbf66-c63d-d576-931b-799521e55765" testName="GoToLastSlideTest" computerName="LUCIOC-VAIO" duration="00:00:05.3139063" startTime="2013-02-03T17:07:50.4555254-02:00" endTime="2013-02-03T17:07:55.9704054-02:00" testType="13cdc9d9-ddb5-4fa4-a97d-d965ccfc6d4b" outcome="Passed" testListId="8c84fa94-04c1-424b-9868-57a2d4851a1d" relativeResultsDirectory="4cb0b93b-02cd-4bd5-8578-c336ec2b41a1">
      <Output>
        <StdOut>Open presentation




Started presentation</StdOut>
        <DebugTrace>

Open presentation



Started presentation

</DebugTrace>
      </Output>
    </UnitTestResult>
    <UnitTestResult executionId="61d24ebf-2ca2-4bbc-8f17-dd27754831b7" testId="7b2a21ed-7842-a515-bc36-c73d8317a1a2" testName="GoToNextSlideTest" computerName="LUCIOC-VAIO" duration="00:00:00.0746352" startTime="2013-02-03T17:07:55.9704054-02:00" endTime="2013-02-03T17:07:56.0484055-02:00" testType="13cdc9d9-ddb5-4fa4-a97d-d965ccfc6d4b" outcome="Failed" testListId="8c84fa94-04c1-424b-9868-57a2d4851a1d" relativeResultsDirectory="61d24ebf-2ca2-4bbc-8f17-dd27754831b7">
      <Output>
        <ErrorInfo>
          <Message>Initialization method TestProject1.PowerPointControlTest.TestInitialize threw exception. System.Runtime.InteropServices.COMException: System.Runtime.InteropServices.COMException: Falha ao criar uma instância do componente COM com CLSID {91493441-5A91-11CF-8700-00AA0060263B} a partir de IClassFactory devido ao seguinte erro: 800706b5..</Message>
          <StackTrace>    em System.Runtime.Remoting.RemotingServices.AllocateUninitializedObject(RuntimeType objectType)
   em System.Runtime.Remoting.Activation.ActivationServices.CreateInstance(RuntimeType serverType)
   em System.Runtime.Remoting.Activation.ActivationServices.IsCurrentContextOK(RuntimeType serverType, Object[] props, Boolean bNewObj)
   em System.RuntimeTypeHandle.CreateInstance(RuntimeType type, Boolean publicOnly, Boolean noCheck, Boolean&amp; canBeCached, RuntimeMethodHandleInternal&amp; ctor, Boolean&amp; bNeedSecurityCheck)
   em System.RuntimeType.CreateInstanceSlow(Boolean publicOnly, Boolean skipCheckThis, Boolean fillCache)
   em System.RuntimeType.CreateInstanceDefaultCtor(Boolean publicOnly, Boolean skipVisibilityChecks, Boolean skipCheckThis, Boolean fillCache)
   em System.Activator.CreateInstance(Type type, Boolean nonPublic)
   em System.Activator.CreateInstance(Type type)
   em PowerPointPresentation.PowerPointControl.preparePresentation(String fileName) na C:\Users\lucioc\Desktop\class_share\Samples\WCF\WcfService1\PowerPointLibraries\PowerPointControl.cs:linha 23
   em TestProject1.PowerPointControlTest.TestInitialize() na C:\Users\lucioc\Desktop\class_share\Samples\WCF\WcfService1\TestProject1\PowerPointControlTest.cs:linha 71
</StackTrace>
        </ErrorInfo>
      </Output>
    </UnitTestResult>
    <UnitTestResult executionId="5e2b7b57-ba5a-4a68-bbfc-61c011c59901" testId="81c44fed-a869-0b8d-bace-ca65dad2a800" testName="GoToPrevioustSlideTest" computerName="LUCIOC-VAIO" duration="00:00:05.3742107" startTime="2013-02-03T17:07:56.0484055-02:00" endTime="2013-02-03T17:08:01.4148149-02:00" testType="13cdc9d9-ddb5-4fa4-a97d-d965ccfc6d4b" outcome="Passed" testListId="8c84fa94-04c1-424b-9868-57a2d4851a1d" relativeResultsDirectory="5e2b7b57-ba5a-4a68-bbfc-61c011c59901">
      <Output>
        <StdOut>Open presentation




Started presentation




Previous slide command. curent slide position: 4</StdOut>
        <DebugTrace>

Open presentation



Started presentation



Previous slide command. curent slide position: 4

</DebugTrace>
      </Output>
    </UnitTestResult>
    <UnitTestResult executionId="5b355641-0aff-42e1-a365-f1256b1000b4" testId="861a307a-71f7-f20b-bab6-2616eb0e999d" testName="GoToFirstSlideTest" computerName="LUCIOC-VAIO" duration="00:00:05.3225966" startTime="2013-02-03T17:08:01.4304150-02:00" endTime="2013-02-03T17:08:06.7500243-02:00" testType="13cdc9d9-ddb5-4fa4-a97d-d965ccfc6d4b" outcome="Passed" testListId="8c84fa94-04c1-424b-9868-57a2d4851a1d" relativeResultsDirectory="5b355641-0aff-42e1-a365-f1256b1000b4">
      <Output>
        <StdOut>Open presentation




Started presentation</StdOut>
        <DebugTrace>

Open presentation



Started presentation

</DebugTrace>
      </Output>
    </UnitTestResult>
    <UnitTestResult executionId="c539cd9e-9852-46eb-95d3-ac28111fcb87" testId="d132e612-4837-2d12-046f-a1d1d776af8a" testName="GoToSlideNumberTest" computerName="LUCIOC-VAIO" duration="00:00:05.2832112" startTime="2013-02-03T17:08:06.7500243-02:00" endTime="2013-02-03T17:08:12.0384336-02:00" testType="13cdc9d9-ddb5-4fa4-a97d-d965ccfc6d4b" outcome="Passed" testListId="8c84fa94-04c1-424b-9868-57a2d4851a1d" relativeResultsDirectory="c539cd9e-9852-46eb-95d3-ac28111fcb87">
      <Output>
        <StdOut>Open presentation




Started presentation</StdOut>
        <DebugTrace>

Open presentation



Started presentation

</DebugTrace>
      </Output>
    </UnitTestResult>
  </Results>
</TestRun>