<?xml version="1.0" encoding="UTF-8"?>
<TestRun id="1570cd12-50ce-41d1-bce3-d3214bf3c98c" name="lucioc@LUCIOC-VAIO 2013-02-03 16:16:49" runUser="lucioc-VAIO\lucioc" xmlns="http://microsoft.com/schemas/VisualStudio/TeamTest/2010">
  <TestSettings name="Local" id="8cb53320-d39e-44a4-b8fa-ae4d1c0c140f">
    <Description>These are default test settings for a local test run.</Description>
    <Deployment enabled="false" runDeploymentRoot="lucioc_LUCIOC-VAIO 2013-02-03 16_16_49">
      <DeploymentItem filename="C:\Users\lucioc\Desktop\class_share\Samples\WCF\WcfService1\PowerPointPresentationMethods\bin\Debug\PowerPointPresentationMethods.exe" />
      <DeploymentItem filename="C:\Users\lucioc\Desktop\class_share\Samples\WCF\WcfService1\WcfService1\bin\WcfService1.dll" />
    </Deployment>
    <Execution>
      <TestTypeSpecific />
      <AgentRule name="Execution Agents">
      </AgentRule>
    </Execution>
  </TestSettings>
  <Times creation="2013-02-03T16:16:49.6092942-02:00" queuing="2013-02-03T16:16:49.6162946-02:00" start="2013-02-03T16:16:49.6262952-02:00" finish="2013-02-03T16:16:49.8173061-02:00" />
  <ResultSummary outcome="Error">
    <Counters total="2" executed="2" error="2" failed="0" timeout="0" aborted="0" inconclusive="0" passedButRunAborted="0" notRunnable="0" notExecuted="0" disconnected="0" warning="0" passed="0" completed="0" inProgress="0" pending="0" />
  </ResultSummary>
  <TestDefinitions>
    <UnitTest name="goToFirstSlideTest" storage="c:\users\lucioc\desktop\class_share\samples\wcf\wcfservice1\testproject1\bin\debug\testproject1.dll" id="09a924be-8822-e6d9-3f21-f790e21afee0">
      <Execution id="8a8821c8-8f11-46ce-9101-862333ac7a68" />
      <TestMethod codeBase="C:/Users/lucioc/Desktop/class_share/Samples/WCF/WcfService1/TestProject1/bin/Debug/TestProject1.DLL" adapterTypeName="Microsoft.VisualStudio.TestTools.TestTypes.Unit.UnitTestAdapter, Microsoft.VisualStudio.QualityTools.Tips.UnitTest.Adapter, Version=10.0.0.0, Culture=neutral, PublicKeyToken=b03f5f7f11d50a3a" className="TestProject1.PowerPointControlTest, TestProject1, Version=1.0.0.0, Culture=neutral, PublicKeyToken=null" name="goToFirstSlideTest" />
    </UnitTest>
    <UnitTest name="goToSlideNumberTest" storage="c:\users\lucioc\desktop\class_share\samples\wcf\wcfservice1\testproject1\bin\debug\testproject1.dll" id="ed653daf-2abc-d0df-cd5b-acd27fb0a246">
      <Execution id="a4aacd69-b129-4b6a-b997-33ccd2d92885" />
      <TestMethod codeBase="C:/Users/lucioc/Desktop/class_share/Samples/WCF/WcfService1/TestProject1/bin/Debug/TestProject1.DLL" adapterTypeName="Microsoft.VisualStudio.TestTools.TestTypes.Unit.UnitTestAdapter, Microsoft.VisualStudio.QualityTools.Tips.UnitTest.Adapter, Version=10.0.0.0, Culture=neutral, PublicKeyToken=b03f5f7f11d50a3a" className="TestProject1.PowerPointControlTest, TestProject1, Version=1.0.0.0, Culture=neutral, PublicKeyToken=null" name="goToSlideNumberTest" />
    </UnitTest>
  </TestDefinitions>
  <TestLists>
    <TestList name="Results Not in a List" id="8c84fa94-04c1-424b-9868-57a2d4851a1d" />
    <TestList name="All Loaded Results" id="19431567-8539-422a-85d7-44ee4e166bda" />
  </TestLists>
  <TestEntries>
    <TestEntry testId="09a924be-8822-e6d9-3f21-f790e21afee0" executionId="8a8821c8-8f11-46ce-9101-862333ac7a68" testListId="8c84fa94-04c1-424b-9868-57a2d4851a1d" />
    <TestEntry testId="ed653daf-2abc-d0df-cd5b-acd27fb0a246" executionId="a4aacd69-b129-4b6a-b997-33ccd2d92885" testListId="8c84fa94-04c1-424b-9868-57a2d4851a1d" />
  </TestEntries>
  <Results>
    <UnitTestResult executionId="8a8821c8-8f11-46ce-9101-862333ac7a68" testId="09a924be-8822-e6d9-3f21-f790e21afee0" testName="goToFirstSlideTest" computerName="LUCIOC-VAIO" startTime="2013-02-03T16:16:49.6302954-02:00" endTime="2013-02-03T16:16:49.7963049-02:00" testType="13cdc9d9-ddb5-4fa4-a97d-d965ccfc6d4b" testListId="8c84fa94-04c1-424b-9868-57a2d4851a1d" relativeResultsDirectory="8a8821c8-8f11-46ce-9101-862333ac7a68">
      <Output>
        <ErrorInfo>
          <Message>Method TestProject1.PowerPointControlTest.MyTestCleanup has wrong signature.  The method should not be marked static.</Message>
        </ErrorInfo>
      </Output>
    </UnitTestResult>
    <UnitTestResult executionId="a4aacd69-b129-4b6a-b997-33ccd2d92885" testId="ed653daf-2abc-d0df-cd5b-acd27fb0a246" testName="goToSlideNumberTest" computerName="LUCIOC-VAIO" startTime="2013-02-03T16:16:49.7973050-02:00" endTime="2013-02-03T16:16:49.8043054-02:00" testType="13cdc9d9-ddb5-4fa4-a97d-d965ccfc6d4b" testListId="8c84fa94-04c1-424b-9868-57a2d4851a1d" relativeResultsDirectory="a4aacd69-b129-4b6a-b997-33ccd2d92885">
      <Output>
        <ErrorInfo>
          <Message>Method TestProject1.PowerPointControlTest.MyTestCleanup has wrong signature.  The method should not be marked static.</Message>
        </ErrorInfo>
      </Output>
    </UnitTestResult>
  </Results>
</TestRun>