<?xml version="1.0" encoding="UTF-8"?>
<TestRun id="e6eff760-51b6-46dd-8589-0aa200d80d94" name="lucioc@LUCIOC-VAIO 2013-02-03 17:02:04" runUser="lucioc-VAIO\lucioc" xmlns="http://microsoft.com/schemas/VisualStudio/TeamTest/2010">
  <TestSettings name="Local" id="8cb53320-d39e-44a4-b8fa-ae4d1c0c140f">
    <Description>These are default test settings for a local test run.</Description>
    <Deployment enabled="false" runDeploymentRoot="lucioc_LUCIOC-VAIO 2013-02-03 17_02_04">
      <DeploymentItem filename="C:\Users\lucioc\Desktop\class_share\Samples\WCF\WcfService1\PowerPointPresentationMethods\bin\Debug\PowerPointPresentationMethods.exe" />
      <DeploymentItem filename="C:\Users\lucioc\Desktop\class_share\Samples\WCF\WcfService1\WcfService1\bin\WcfService1.dll" />
      <DeploymentItem filename="C:\Users\lucioc\Desktop\class_share\Samples\WCF\WcfService1\PowerPointLibraries\bin\Debug\PowerPointLibraries.dll" />
    </Deployment>
    <Execution>
      <TestTypeSpecific />
      <AgentRule name="Execution Agents">
      </AgentRule>
    </Execution>
  </TestSettings>
  <Times creation="2013-02-03T17:02:04.6441786-02:00" queuing="2013-02-03T17:02:04.6521791-02:00" start="2013-02-03T17:02:04.6631797-02:00" finish="2013-02-03T17:02:05.4952273-02:00" />
  <ResultSummary outcome="Failed">
    <Counters total="4" executed="4" passed="2" error="0" failed="2" timeout="0" aborted="0" inconclusive="0" passedButRunAborted="0" notRunnable="0" notExecuted="0" disconnected="0" warning="0" completed="0" inProgress="0" pending="0" />
  </ResultSummary>
  <TestDefinitions>
    <UnitTest name="prepareNotExistentPresentationTest" storage="c:\users\lucioc\desktop\class_share\samples\wcf\wcfservice1\testproject1\bin\debug\testproject1.dll" id="4fe8d605-1c47-5c8d-288e-d173d2e296d1">
      <Execution id="5a2ca71e-8f4a-43b2-9a70-e59393f85df0" />
      <TestMethod codeBase="C:/Users/lucioc/Desktop/class_share/Samples/WCF/WcfService1/TestProject1/bin/Debug/TestProject1.DLL" adapterTypeName="Microsoft.VisualStudio.TestTools.TestTypes.Unit.UnitTestAdapter, Microsoft.VisualStudio.QualityTools.Tips.UnitTest.Adapter, Version=10.0.0.0, Culture=neutral, PublicKeyToken=b03f5f7f11d50a3a" className="TestProject1.TestPresentation, TestProject1, Version=1.0.0.0, Culture=neutral, PublicKeyToken=null" name="prepareNotExistentPresentationTest" />
    </UnitTest>
    <UnitTest name="prepareCorrectPresentationTest" storage="c:\users\lucioc\desktop\class_share\samples\wcf\wcfservice1\testproject1\bin\debug\testproject1.dll" id="64a61d3e-6f85-2e2a-227e-ebc1e3cdca8b">
      <Execution id="404e3a67-9509-4684-94ac-62515b30085f" />
      <TestMethod codeBase="C:/Users/lucioc/Desktop/class_share/Samples/WCF/WcfService1/TestProject1/bin/Debug/TestProject1.DLL" adapterTypeName="Microsoft.VisualStudio.TestTools.TestTypes.Unit.UnitTestAdapter, Microsoft.VisualStudio.QualityTools.Tips.UnitTest.Adapter, Version=10.0.0.0, Culture=neutral, PublicKeyToken=b03f5f7f11d50a3a" className="TestProject1.TestPresentation, TestProject1, Version=1.0.0.0, Culture=neutral, PublicKeyToken=null" name="prepareCorrectPresentationTest" />
    </UnitTest>
    <UnitTest name="closePresentationTest" storage="c:\users\lucioc\desktop\class_share\samples\wcf\wcfservice1\testproject1\bin\debug\testproject1.dll" id="2f0da734-9236-0218-cdb7-65008d85c6b2">
      <Execution id="d3364834-a372-4802-a253-3b8a3895ac48" />
      <TestMethod codeBase="C:/Users/lucioc/Desktop/class_share/Samples/WCF/WcfService1/TestProject1/bin/Debug/TestProject1.DLL" adapterTypeName="Microsoft.VisualStudio.TestTools.TestTypes.Unit.UnitTestAdapter, Microsoft.VisualStudio.QualityTools.Tips.UnitTest.Adapter, Version=10.0.0.0, Culture=neutral, PublicKeyToken=b03f5f7f11d50a3a" className="TestProject1.TestPresentation, TestProject1, Version=1.0.0.0, Culture=neutral, PublicKeyToken=null" name="closePresentationTest" />
    </UnitTest>
    <UnitTest name="closeNotStartedPresentationTest" storage="c:\users\lucioc\desktop\class_share\samples\wcf\wcfservice1\testproject1\bin\debug\testproject1.dll" id="4f01b625-3d2c-33b6-7d1f-79b0b56419d8">
      <Execution id="4a79bfc9-fdae-4aec-952f-dd1f1c3a7700" />
      <TestMethod codeBase="C:/Users/lucioc/Desktop/class_share/Samples/WCF/WcfService1/TestProject1/bin/Debug/TestProject1.DLL" adapterTypeName="Microsoft.VisualStudio.TestTools.TestTypes.Unit.UnitTestAdapter, Microsoft.VisualStudio.QualityTools.Tips.UnitTest.Adapter, Version=10.0.0.0, Culture=neutral, PublicKeyToken=b03f5f7f11d50a3a" className="TestProject1.TestPresentation, TestProject1, Version=1.0.0.0, Culture=neutral, PublicKeyToken=null" name="closeNotStartedPresentationTest" />
    </UnitTest>
  </TestDefinitions>
  <TestLists>
    <TestList name="Results Not in a List" id="8c84fa94-04c1-424b-9868-57a2d4851a1d" />
    <TestList name="All Loaded Results" id="19431567-8539-422a-85d7-44ee4e166bda" />
  </TestLists>
  <TestEntries>
    <TestEntry testId="2f0da734-9236-0218-cdb7-65008d85c6b2" executionId="d3364834-a372-4802-a253-3b8a3895ac48" testListId="8c84fa94-04c1-424b-9868-57a2d4851a1d" />
    <TestEntry testId="4f01b625-3d2c-33b6-7d1f-79b0b56419d8" executionId="4a79bfc9-fdae-4aec-952f-dd1f1c3a7700" testListId="8c84fa94-04c1-424b-9868-57a2d4851a1d" />
    <TestEntry testId="4fe8d605-1c47-5c8d-288e-d173d2e296d1" executionId="5a2ca71e-8f4a-43b2-9a70-e59393f85df0" testListId="8c84fa94-04c1-424b-9868-57a2d4851a1d" />
    <TestEntry testId="64a61d3e-6f85-2e2a-227e-ebc1e3cdca8b" executionId="404e3a67-9509-4684-94ac-62515b30085f" testListId="8c84fa94-04c1-424b-9868-57a2d4851a1d" />
  </TestEntries>
  <Results>
    <UnitTestResult executionId="d3364834-a372-4802-a253-3b8a3895ac48" testId="2f0da734-9236-0218-cdb7-65008d85c6b2" testName="closePresentationTest" computerName="LUCIOC-VAIO" duration="00:00:00.2104250" startTime="2013-02-03T17:02:04.6661799-02:00" endTime="2013-02-03T17:02:05.0542021-02:00" testType="13cdc9d9-ddb5-4fa4-a97d-d965ccfc6d4b" outcome="Failed" testListId="8c84fa94-04c1-424b-9868-57a2d4851a1d" relativeResultsDirectory="d3364834-a372-4802-a253-3b8a3895ac48">
      <Output>
        <StdOut>Power point open returned a exception message: Presentations (unknown member) : Invalid request.  Filename cannot exceed 255 characters.




Power point close returned a exception message: Referência de objeto não definida para uma instância de um objeto.</StdOut>
        <DebugTrace>

Power point open returned a exception message: Presentations (unknown member) : Invalid request.  Filename cannot exceed 255 characters.



Power point close returned a exception message: Referência de objeto não definida para uma instância de um objeto.

</DebugTrace>
        <ErrorInfo>
          <Message>Assert.AreEqual failed. Expected:&lt;True&gt;. Actual:&lt;False&gt;. </Message>
          <StackTrace>   em TestProject1.TestPresentation.closePresentationTest() na C:\Users\lucioc\Desktop\class_share\Samples\WCF\WcfService1\TestProject1\TestPresentation.cs:linha 58
</StackTrace>
        </ErrorInfo>
      </Output>
    </UnitTestResult>
    <UnitTestResult executionId="4a79bfc9-fdae-4aec-952f-dd1f1c3a7700" testId="4f01b625-3d2c-33b6-7d1f-79b0b56419d8" testName="closeNotStartedPresentationTest" computerName="LUCIOC-VAIO" duration="00:00:00.0003415" startTime="2013-02-03T17:02:05.0552021-02:00" endTime="2013-02-03T17:02:05.0612025-02:00" testType="13cdc9d9-ddb5-4fa4-a97d-d965ccfc6d4b" outcome="Passed" testListId="8c84fa94-04c1-424b-9868-57a2d4851a1d" relativeResultsDirectory="4a79bfc9-fdae-4aec-952f-dd1f1c3a7700">
      <Output>
        <StdOut>Power point close returned a exception message: Referência de objeto não definida para uma instância de um objeto.</StdOut>
        <DebugTrace>

Power point close returned a exception message: Referência de objeto não definida para uma instância de um objeto.

</DebugTrace>
      </Output>
    </UnitTestResult>
    <UnitTestResult executionId="5a2ca71e-8f4a-43b2-9a70-e59393f85df0" testId="4fe8d605-1c47-5c8d-288e-d173d2e296d1" testName="prepareNotExistentPresentationTest" computerName="LUCIOC-VAIO" duration="00:00:00.1728212" startTime="2013-02-03T17:02:05.0662028-02:00" endTime="2013-02-03T17:02:05.2422128-02:00" testType="13cdc9d9-ddb5-4fa4-a97d-d965ccfc6d4b" outcome="Passed" testListId="8c84fa94-04c1-424b-9868-57a2d4851a1d" relativeResultsDirectory="5a2ca71e-8f4a-43b2-9a70-e59393f85df0">
      <Output>
        <StdOut>Power point open returned a exception message: PowerPoint could not open the file.</StdOut>
        <DebugTrace>

Power point open returned a exception message: PowerPoint could not open the file.

</DebugTrace>
      </Output>
    </UnitTestResult>
    <UnitTestResult executionId="404e3a67-9509-4684-94ac-62515b30085f" testId="64a61d3e-6f85-2e2a-227e-ebc1e3cdca8b" testName="prepareCorrectPresentationTest" computerName="LUCIOC-VAIO" duration="00:00:00.2028738" startTime="2013-02-03T17:02:05.2432129-02:00" endTime="2013-02-03T17:02:05.4492247-02:00" testType="13cdc9d9-ddb5-4fa4-a97d-d965ccfc6d4b" outcome="Failed" testListId="8c84fa94-04c1-424b-9868-57a2d4851a1d" relativeResultsDirectory="404e3a67-9509-4684-94ac-62515b30085f">
      <Output>
        <StdOut>Power point open returned a exception message: Presentations (unknown member) : Invalid request.  Filename cannot exceed 255 characters.</StdOut>
        <DebugTrace>

Power point open returned a exception message: Presentations (unknown member) : Invalid request.  Filename cannot exceed 255 characters.

</DebugTrace>
        <ErrorInfo>
          <Message>Assert.AreEqual failed. Expected:&lt;True&gt;. Actual:&lt;False&gt;. </Message>
          <StackTrace>   em TestProject1.TestPresentation.prepareCorrectPresentationTest() na C:\Users\lucioc\Desktop\class_share\Samples\WCF\WcfService1\TestProject1\TestPresentation.cs:linha 28
</StackTrace>
        </ErrorInfo>
      </Output>
    </UnitTestResult>
  </Results>
</TestRun>