<?xml version="1.0" encoding="UTF-8"?>
<TestRun id="c392d8bc-e11e-4cf8-a281-5882950fe1e7" name="lucioc@LUCIOC-VAIO 2013-02-03 16:07:36" runUser="lucioc-VAIO\lucioc" xmlns="http://microsoft.com/schemas/VisualStudio/TeamTest/2010">
  <TestSettings name="Local" id="8cb53320-d39e-44a4-b8fa-ae4d1c0c140f">
    <Description>These are default test settings for a local test run.</Description>
    <Deployment enabled="false" runDeploymentRoot="lucioc_LUCIOC-VAIO 2013-02-03 16_07_36">
      <DeploymentItem filename="C:\Users\lucioc\Desktop\class_share\Samples\WCF\WcfService1\PowerPointPresentationMethods\bin\Debug\PowerPointPresentationMethods.exe" />
      <DeploymentItem filename="C:\Users\lucioc\Desktop\class_share\Samples\WCF\WcfService1\WcfService1\bin\WcfService1.dll" />
    </Deployment>
    <Execution>
      <TestTypeSpecific />
      <AgentRule name="Execution Agents">
      </AgentRule>
    </Execution>
  </TestSettings>
  <Times creation="2013-02-03T16:07:36.0446321-02:00" queuing="2013-02-03T16:07:36.0516325-02:00" start="2013-02-03T16:07:36.0676335-02:00" finish="2013-02-03T16:07:50.7624740-02:00" />
  <ResultSummary outcome="Completed">
    <Counters total="1" executed="1" passed="1" error="0" failed="0" timeout="0" aborted="0" inconclusive="0" passedButRunAborted="0" notRunnable="0" notExecuted="0" disconnected="0" warning="0" completed="0" inProgress="0" pending="0" />
    <Output>
      <StdOut>

Open presentation




Started presentation


</StdOut>
      <DebugTrace>

Open presentation



Started presentation

</DebugTrace>
    </Output>
  </ResultSummary>
  <TestDefinitions>
    <UnitTest name="goToSlideNumberTest" storage="c:\users\lucioc\desktop\class_share\samples\wcf\wcfservice1\testproject1\bin\debug\testproject1.dll" id="ed653daf-2abc-d0df-cd5b-acd27fb0a246">
      <Execution id="db1c37e5-a47f-4cbc-a4fe-c73722ca3403" />
      <TestMethod codeBase="C:/Users/lucioc/Desktop/class_share/Samples/WCF/WcfService1/TestProject1/bin/Debug/TestProject1.DLL" adapterTypeName="Microsoft.VisualStudio.TestTools.TestTypes.Unit.UnitTestAdapter, Microsoft.VisualStudio.QualityTools.Tips.UnitTest.Adapter, Version=10.0.0.0, Culture=neutral, PublicKeyToken=b03f5f7f11d50a3a" className="TestProject1.PowerPointControlTest, TestProject1, Version=1.0.0.0, Culture=neutral, PublicKeyToken=null" name="goToSlideNumberTest" />
    </UnitTest>
  </TestDefinitions>
  <TestLists>
    <TestList name="Results Not in a List" id="8c84fa94-04c1-424b-9868-57a2d4851a1d" />
    <TestList name="All Loaded Results" id="19431567-8539-422a-85d7-44ee4e166bda" />
  </TestLists>
  <TestEntries>
    <TestEntry testId="ed653daf-2abc-d0df-cd5b-acd27fb0a246" executionId="db1c37e5-a47f-4cbc-a4fe-c73722ca3403" testListId="8c84fa94-04c1-424b-9868-57a2d4851a1d" />
  </TestEntries>
  <Results>
    <UnitTestResult executionId="db1c37e5-a47f-4cbc-a4fe-c73722ca3403" testId="ed653daf-2abc-d0df-cd5b-acd27fb0a246" testName="goToSlideNumberTest" computerName="LUCIOC-VAIO" duration="00:00:00.1222651" startTime="2013-02-03T16:07:36.0766340-02:00" endTime="2013-02-03T16:07:50.7284720-02:00" testType="13cdc9d9-ddb5-4fa4-a97d-d965ccfc6d4b" outcome="Passed" testListId="8c84fa94-04c1-424b-9868-57a2d4851a1d" relativeResultsDirectory="db1c37e5-a47f-4cbc-a4fe-c73722ca3403">
    </UnitTestResult>
  </Results>
</TestRun>