<?xml version="1.0" encoding="UTF-8"?>
<TestRun id="a23017fb-0702-465c-94d6-7cad0dea610b" name="lucioc@LUCIOC-VAIO 2013-02-03 16:09:05" runUser="lucioc-VAIO\lucioc" xmlns="http://microsoft.com/schemas/VisualStudio/TeamTest/2010">
  <TestSettings name="Local" id="8cb53320-d39e-44a4-b8fa-ae4d1c0c140f">
    <Description>These are default test settings for a local test run.</Description>
    <Deployment enabled="false" runDeploymentRoot="lucioc_LUCIOC-VAIO 2013-02-03 16_09_05">
      <DeploymentItem filename="C:\Users\lucioc\Desktop\class_share\Samples\WCF\WcfService1\PowerPointPresentationMethods\bin\Debug\PowerPointPresentationMethods.exe" />
      <DeploymentItem filename="C:\Users\lucioc\Desktop\class_share\Samples\WCF\WcfService1\WcfService1\bin\WcfService1.dll" />
    </Deployment>
    <Execution>
      <TestTypeSpecific />
      <AgentRule name="Execution Agents">
      </AgentRule>
    </Execution>
  </TestSettings>
  <Times creation="2013-02-03T16:09:05.8627694-02:00" queuing="2013-02-03T16:09:05.8707699-02:00" start="2013-02-03T16:09:05.8977714-02:00" finish="2013-02-03T16:09:20.6886174-02:00" />
  <ResultSummary outcome="Failed">
    <Counters total="2" executed="2" passed="1" error="0" failed="1" timeout="0" aborted="0" inconclusive="0" passedButRunAborted="0" notRunnable="0" notExecuted="0" disconnected="0" warning="0" completed="0" inProgress="0" pending="0" />
    <Output>
      <StdOut>

Open presentation




Started presentation


</StdOut>
      <DebugTrace>

Open presentation



Started presentation

</DebugTrace>
    </Output>
  </ResultSummary>
  <TestDefinitions>
    <UnitTest name="goToFirstSlideTest" storage="c:\users\lucioc\desktop\class_share\samples\wcf\wcfservice1\testproject1\bin\debug\testproject1.dll" id="09a924be-8822-e6d9-3f21-f790e21afee0">
      <Execution id="350d6acf-342d-4f3c-a3fa-be09431c74fe" />
      <TestMethod codeBase="C:/Users/lucioc/Desktop/class_share/Samples/WCF/WcfService1/TestProject1/bin/Debug/TestProject1.DLL" adapterTypeName="Microsoft.VisualStudio.TestTools.TestTypes.Unit.UnitTestAdapter, Microsoft.VisualStudio.QualityTools.Tips.UnitTest.Adapter, Version=10.0.0.0, Culture=neutral, PublicKeyToken=b03f5f7f11d50a3a" className="TestProject1.PowerPointControlTest, TestProject1, Version=1.0.0.0, Culture=neutral, PublicKeyToken=null" name="goToFirstSlideTest" />
    </UnitTest>
    <UnitTest name="goToSlideNumberTest" storage="c:\users\lucioc\desktop\class_share\samples\wcf\wcfservice1\testproject1\bin\debug\testproject1.dll" id="ed653daf-2abc-d0df-cd5b-acd27fb0a246">
      <Execution id="6fc66241-aa1b-4393-a46d-de9ee50dff7d" />
      <TestMethod codeBase="C:/Users/lucioc/Desktop/class_share/Samples/WCF/WcfService1/TestProject1/bin/Debug/TestProject1.DLL" adapterTypeName="Microsoft.VisualStudio.TestTools.TestTypes.Unit.UnitTestAdapter, Microsoft.VisualStudio.QualityTools.Tips.UnitTest.Adapter, Version=10.0.0.0, Culture=neutral, PublicKeyToken=b03f5f7f11d50a3a" className="TestProject1.PowerPointControlTest, TestProject1, Version=1.0.0.0, Culture=neutral, PublicKeyToken=null" name="goToSlideNumberTest" />
    </UnitTest>
  </TestDefinitions>
  <TestLists>
    <TestList name="Results Not in a List" id="8c84fa94-04c1-424b-9868-57a2d4851a1d" />
    <TestList name="All Loaded Results" id="19431567-8539-422a-85d7-44ee4e166bda" />
  </TestLists>
  <TestEntries>
    <TestEntry testId="09a924be-8822-e6d9-3f21-f790e21afee0" executionId="350d6acf-342d-4f3c-a3fa-be09431c74fe" testListId="8c84fa94-04c1-424b-9868-57a2d4851a1d" />
    <TestEntry testId="ed653daf-2abc-d0df-cd5b-acd27fb0a246" executionId="6fc66241-aa1b-4393-a46d-de9ee50dff7d" testListId="8c84fa94-04c1-424b-9868-57a2d4851a1d" />
  </TestEntries>
  <Results>
    <UnitTestResult executionId="350d6acf-342d-4f3c-a3fa-be09431c74fe" testId="09a924be-8822-e6d9-3f21-f790e21afee0" testName="goToFirstSlideTest" computerName="LUCIOC-VAIO" duration="00:00:00.1838716" startTime="2013-02-03T16:09:05.9217728-02:00" endTime="2013-02-03T16:09:20.6566156-02:00" testType="13cdc9d9-ddb5-4fa4-a97d-d965ccfc6d4b" outcome="Passed" testListId="8c84fa94-04c1-424b-9868-57a2d4851a1d" relativeResultsDirectory="350d6acf-342d-4f3c-a3fa-be09431c74fe">
    </UnitTestResult>
    <UnitTestResult executionId="6fc66241-aa1b-4393-a46d-de9ee50dff7d" testId="ed653daf-2abc-d0df-cd5b-acd27fb0a246" testName="goToSlideNumberTest" computerName="LUCIOC-VAIO" duration="00:00:00.0118156" startTime="2013-02-03T16:09:20.6576157-02:00" endTime="2013-02-03T16:09:20.6746166-02:00" testType="13cdc9d9-ddb5-4fa4-a97d-d965ccfc6d4b" outcome="Failed" testListId="8c84fa94-04c1-424b-9868-57a2d4851a1d" relativeResultsDirectory="6fc66241-aa1b-4393-a46d-de9ee50dff7d">
      <Output>
        <ErrorInfo>
          <Message>Test method TestProject1.PowerPointControlTest.goToSlideNumberTest threw exception: 
System.Runtime.InteropServices.InvalidComObjectException: Não é possível usar o objeto COM que foi separado do seu RCW subjacente.</Message>
          <StackTrace>    em System.StubHelpers.StubHelpers.GetCOMIPFromRCW(Object objSrc, IntPtr pCPCMD, Boolean&amp; pfNeedsRelease)
   em Microsoft.Office.Interop.PowerPoint._Presentation.get_SlideShowWindow()
   em PowerPointPresentationMethods.PowerPointControl.goToSlideNumber(Int32 slideNumber) na C:\Users\lucioc\Desktop\class_share\Samples\WCF\WcfService1\PowerPointPresentationMethods\PowerPointControl.cs:linha 70
   em TestProject1.PowerPointControlTest.goToSlideNumberTest() na C:\Users\lucioc\Desktop\class_share\Samples\WCF\WcfService1\TestProject1\PowerPointControlTest.cs:linha 83
</StackTrace>
        </ErrorInfo>
      </Output>
    </UnitTestResult>
  </Results>
</TestRun>