<?xml version="1.0" encoding="UTF-8"?>
<TestRun id="08e41633-f52b-41e3-8ffc-ec7bdf7a6054" name="lucioc@LUCIOC-VAIO 2013-02-03 15:27:08" runUser="lucioc-VAIO\lucioc" xmlns="http://microsoft.com/schemas/VisualStudio/TeamTest/2010">
  <TestSettings name="Local" id="8cb53320-d39e-44a4-b8fa-ae4d1c0c140f">
    <Description>These are default test settings for a local test run.</Description>
    <Deployment enabled="false" runDeploymentRoot="lucioc_LUCIOC-VAIO 2013-02-03 15_27_08">
      <DeploymentItem filename="C:\Users\lucioc\Desktop\class_share\Samples\WCF\WcfService1\PowerPointPresentationMethods\bin\Debug\PowerPointPresentationMethods.exe" />
      <DeploymentItem filename="C:\Users\lucioc\Desktop\class_share\Samples\WCF\WcfService1\WcfService1\bin\WcfService1.dll" />
    </Deployment>
    <Execution>
      <TestTypeSpecific />
      <AgentRule name="Execution Agents">
      </AgentRule>
    </Execution>
  </TestSettings>
  <Times creation="2013-02-03T15:27:08.9208086-02:00" queuing="2013-02-03T15:27:08.9458100-02:00" start="2013-02-03T15:27:08.9608109-02:00" finish="2013-02-03T15:27:38.0594752-02:00" />
  <ResultSummary outcome="Failed">
    <Counters total="1" executed="1" error="0" failed="1" timeout="0" aborted="0" inconclusive="0" passedButRunAborted="0" notRunnable="0" notExecuted="0" disconnected="0" warning="0" passed="0" completed="0" inProgress="0" pending="0" />
    <Output>
      <StdOut>

Open presentation


</StdOut>
      <DebugTrace>

Open presentation

</DebugTrace>
    </Output>
  </ResultSummary>
  <TestDefinitions>
    <UnitTest name="currentSlideTest" storage="c:\users\lucioc\desktop\class_share\samples\wcf\wcfservice1\testproject1\bin\debug\testproject1.dll" id="b86cad7f-e5ce-1a6a-0cbd-7a92d6ac53ee">
      <Execution id="86561510-4655-425c-a214-300a828373c6" />
      <TestMethod codeBase="C:/Users/lucioc/Desktop/class_share/Samples/WCF/WcfService1/TestProject1/bin/Debug/TestProject1.DLL" adapterTypeName="Microsoft.VisualStudio.TestTools.TestTypes.Unit.UnitTestAdapter, Microsoft.VisualStudio.QualityTools.Tips.UnitTest.Adapter, Version=10.0.0.0, Culture=neutral, PublicKeyToken=b03f5f7f11d50a3a" className="TestProject1.PowerPointControlTest, TestProject1, Version=1.0.0.0, Culture=neutral, PublicKeyToken=null" name="currentSlideTest" />
    </UnitTest>
  </TestDefinitions>
  <TestLists>
    <TestList name="Results Not in a List" id="8c84fa94-04c1-424b-9868-57a2d4851a1d" />
    <TestList name="All Loaded Results" id="19431567-8539-422a-85d7-44ee4e166bda" />
  </TestLists>
  <TestEntries>
    <TestEntry testId="b86cad7f-e5ce-1a6a-0cbd-7a92d6ac53ee" executionId="86561510-4655-425c-a214-300a828373c6" testListId="8c84fa94-04c1-424b-9868-57a2d4851a1d" />
  </TestEntries>
  <Results>
    <UnitTestResult executionId="86561510-4655-425c-a214-300a828373c6" testId="b86cad7f-e5ce-1a6a-0cbd-7a92d6ac53ee" testName="currentSlideTest" computerName="LUCIOC-VAIO" duration="00:00:14.2849420" startTime="2013-02-03T15:27:08.9708115-02:00" endTime="2013-02-03T15:27:38.0414742-02:00" testType="13cdc9d9-ddb5-4fa4-a97d-d965ccfc6d4b" outcome="Failed" testListId="8c84fa94-04c1-424b-9868-57a2d4851a1d" relativeResultsDirectory="86561510-4655-425c-a214-300a828373c6">
      <Output>
        <StdOut>Open presentation</StdOut>
        <DebugTrace>

Open presentation

</DebugTrace>
        <ErrorInfo>
          <Message>Test method TestProject1.PowerPointControlTest.currentSlideTest threw exception: 
System.Runtime.InteropServices.COMException: Presentation (unknown member) : Invalid request.  There is currently no slide show view for this presentation.</Message>
          <StackTrace>    em Microsoft.Office.Interop.PowerPoint._Presentation.get_SlideShowWindow()
   em PowerPointPresentationMethods.PowerPointControl.currentSlide() na C:\Users\lucioc\Desktop\class_share\Samples\WCF\WcfService1\PowerPointPresentationMethods\PowerPointControl.cs:linha 44
   em TestProject1.PowerPointControlTest.currentSlideTest() na C:\Users\lucioc\Desktop\class_share\Samples\WCF\WcfService1\TestProject1\PowerPointControlTest.cs:linha 108
</StackTrace>
        </ErrorInfo>
      </Output>
    </UnitTestResult>
  </Results>
</TestRun>