<?xml version="1.0" encoding="UTF-8"?>
<TestRun id="98131296-0cb4-4c14-9ce0-7ab47e7e3cee" name="lucioc@LUCIOC-VAIO 2013-02-03 17:02:54" runUser="lucioc-VAIO\lucioc" xmlns="http://microsoft.com/schemas/VisualStudio/TeamTest/2010">
  <TestSettings name="Local" id="8cb53320-d39e-44a4-b8fa-ae4d1c0c140f">
    <Description>These are default test settings for a local test run.</Description>
    <Deployment enabled="false" runDeploymentRoot="lucioc_LUCIOC-VAIO 2013-02-03 17_02_54">
      <DeploymentItem filename="C:\Users\lucioc\Desktop\class_share\Samples\WCF\WcfService1\PowerPointPresentationMethods\bin\Debug\PowerPointPresentationMethods.exe" />
      <DeploymentItem filename="C:\Users\lucioc\Desktop\class_share\Samples\WCF\WcfService1\WcfService1\bin\WcfService1.dll" />
      <DeploymentItem filename="C:\Users\lucioc\Desktop\class_share\Samples\WCF\WcfService1\PowerPointLibraries\bin\Debug\PowerPointLibraries.dll" />
    </Deployment>
    <Execution>
      <TestTypeSpecific />
      <AgentRule name="Execution Agents">
      </AgentRule>
    </Execution>
  </TestSettings>
  <Times creation="2013-02-03T17:02:54.0299473-02:00" queuing="2013-02-03T17:02:54.0379478-02:00" start="2013-02-03T17:02:54.0429480-02:00" finish="2013-02-03T17:02:54.4797488-02:00" />
  <ResultSummary outcome="Failed">
    <Counters total="1" executed="1" error="0" failed="1" timeout="0" aborted="0" inconclusive="0" passedButRunAborted="0" notRunnable="0" notExecuted="0" disconnected="0" warning="0" passed="0" completed="0" inProgress="0" pending="0" />
  </ResultSummary>
  <TestDefinitions>
    <UnitTest name="closePresentationTest" storage="c:\users\lucioc\desktop\class_share\samples\wcf\wcfservice1\testproject1\bin\debug\testproject1.dll" id="2f0da734-9236-0218-cdb7-65008d85c6b2">
      <Execution id="3a53d208-b496-4ed5-b6e5-8083686a90e6" />
      <TestMethod codeBase="C:/Users/lucioc/Desktop/class_share/Samples/WCF/WcfService1/TestProject1/bin/Debug/TestProject1.DLL" adapterTypeName="Microsoft.VisualStudio.TestTools.TestTypes.Unit.UnitTestAdapter, Microsoft.VisualStudio.QualityTools.Tips.UnitTest.Adapter, Version=10.0.0.0, Culture=neutral, PublicKeyToken=b03f5f7f11d50a3a" className="TestProject1.TestPresentation, TestProject1, Version=1.0.0.0, Culture=neutral, PublicKeyToken=null" name="closePresentationTest" />
    </UnitTest>
  </TestDefinitions>
  <TestLists>
    <TestList name="Results Not in a List" id="8c84fa94-04c1-424b-9868-57a2d4851a1d" />
    <TestList name="All Loaded Results" id="19431567-8539-422a-85d7-44ee4e166bda" />
  </TestLists>
  <TestEntries>
    <TestEntry testId="2f0da734-9236-0218-cdb7-65008d85c6b2" executionId="3a53d208-b496-4ed5-b6e5-8083686a90e6" testListId="8c84fa94-04c1-424b-9868-57a2d4851a1d" />
  </TestEntries>
  <Results>
    <UnitTestResult executionId="3a53d208-b496-4ed5-b6e5-8083686a90e6" testId="2f0da734-9236-0218-cdb7-65008d85c6b2" testName="closePresentationTest" computerName="LUCIOC-VAIO" duration="00:00:00.2239689" startTime="2013-02-03T17:02:54.0429480-02:00" endTime="2013-02-03T17:02:54.4173487-02:00" testType="13cdc9d9-ddb5-4fa4-a97d-d965ccfc6d4b" outcome="Failed" testListId="8c84fa94-04c1-424b-9868-57a2d4851a1d" relativeResultsDirectory="3a53d208-b496-4ed5-b6e5-8083686a90e6">
      <Output>
        <StdOut>Power point open returned a exception message: Presentations (unknown member) : Invalid request.  Filename cannot exceed 255 characters.</StdOut>
        <DebugTrace>

Power point open returned a exception message: Presentations (unknown member) : Invalid request.  Filename cannot exceed 255 characters.

</DebugTrace>
        <ErrorInfo>
          <Message>Test method TestProject1.TestPresentation.closePresentationTest threw exception: 
System.NullReferenceException: Referência de objeto não definida para uma instância de um objeto.</Message>
          <StackTrace>    em PowerPointPresentation.PowerPointControl.startPresentation() na C:\Users\lucioc\Desktop\class_share\Samples\WCF\WcfService1\PowerPointPresentationMethods\PowerPointControl.cs:linha 65
   em TestProject1.TestPresentation.closePresentationTest() na C:\Users\lucioc\Desktop\class_share\Samples\WCF\WcfService1\TestProject1\TestPresentation.cs:linha 54
</StackTrace>
        </ErrorInfo>
      </Output>
    </UnitTestResult>
  </Results>
</TestRun>