<?xml version="1.0" encoding="UTF-8"?>
<TestRun id="60c75dff-8f1f-4593-9e91-8ee6b1d507df" name="lucioc@LUCIOC-VAIO 2013-02-03 15:39:18" runUser="lucioc-VAIO\lucioc" xmlns="http://microsoft.com/schemas/VisualStudio/TeamTest/2010">
  <TestSettings name="Local" id="8cb53320-d39e-44a4-b8fa-ae4d1c0c140f">
    <Description>These are default test settings for a local test run.</Description>
    <Deployment enabled="false" runDeploymentRoot="lucioc_LUCIOC-VAIO 2013-02-03 15_39_18">
      <DeploymentItem filename="C:\Users\lucioc\Desktop\class_share\Samples\WCF\WcfService1\PowerPointPresentationMethods\bin\Debug\PowerPointPresentationMethods.exe" />
      <DeploymentItem filename="C:\Users\lucioc\Desktop\class_share\Samples\WCF\WcfService1\WcfService1\bin\WcfService1.dll" />
    </Deployment>
    <Execution>
      <TestTypeSpecific />
      <AgentRule name="Execution Agents">
      </AgentRule>
    </Execution>
  </TestSettings>
  <Times creation="2013-02-03T15:39:18.9675649-02:00" queuing="2013-02-03T15:39:18.9745653-02:00" start="2013-02-03T15:39:18.9895661-02:00" finish="2013-02-03T15:39:33.5393983-02:00" />
  <ResultSummary outcome="Failed">
    <Counters total="1" executed="1" error="0" failed="1" timeout="0" aborted="0" inconclusive="0" passedButRunAborted="0" notRunnable="0" notExecuted="0" disconnected="0" warning="0" passed="0" completed="0" inProgress="0" pending="0" />
    <Output>
      <StdOut>

Open presentation


</StdOut>
      <DebugTrace>

Open presentation

</DebugTrace>
    </Output>
  </ResultSummary>
  <TestDefinitions>
    <UnitTest name="goToLastSlideTest" storage="c:\users\lucioc\desktop\class_share\samples\wcf\wcfservice1\testproject1\bin\debug\testproject1.dll" id="8534f2b6-f223-d268-ae2c-b38fd91cc75c">
      <Execution id="9a753308-17cd-4da8-9eb8-4b21fdad94bf" />
      <TestMethod codeBase="C:/Users/lucioc/Desktop/class_share/Samples/WCF/WcfService1/TestProject1/bin/Debug/TestProject1.DLL" adapterTypeName="Microsoft.VisualStudio.TestTools.TestTypes.Unit.UnitTestAdapter, Microsoft.VisualStudio.QualityTools.Tips.UnitTest.Adapter, Version=10.0.0.0, Culture=neutral, PublicKeyToken=b03f5f7f11d50a3a" className="TestProject1.PowerPointControlTest, TestProject1, Version=1.0.0.0, Culture=neutral, PublicKeyToken=null" name="goToLastSlideTest" />
    </UnitTest>
  </TestDefinitions>
  <TestLists>
    <TestList name="Results Not in a List" id="8c84fa94-04c1-424b-9868-57a2d4851a1d" />
    <TestList name="All Loaded Results" id="19431567-8539-422a-85d7-44ee4e166bda" />
  </TestLists>
  <TestEntries>
    <TestEntry testId="8534f2b6-f223-d268-ae2c-b38fd91cc75c" executionId="9a753308-17cd-4da8-9eb8-4b21fdad94bf" testListId="8c84fa94-04c1-424b-9868-57a2d4851a1d" />
  </TestEntries>
  <Results>
    <UnitTestResult executionId="9a753308-17cd-4da8-9eb8-4b21fdad94bf" testId="8534f2b6-f223-d268-ae2c-b38fd91cc75c" testName="goToLastSlideTest" computerName="LUCIOC-VAIO" duration="00:00:00.0264002" startTime="2013-02-03T15:39:19.0015668-02:00" endTime="2013-02-03T15:39:33.5183971-02:00" testType="13cdc9d9-ddb5-4fa4-a97d-d965ccfc6d4b" outcome="Failed" testListId="8c84fa94-04c1-424b-9868-57a2d4851a1d" relativeResultsDirectory="9a753308-17cd-4da8-9eb8-4b21fdad94bf">
      <Output>
        <ErrorInfo>
          <Message>Test method TestProject1.PowerPointControlTest.goToLastSlideTest threw exception: 
System.Runtime.InteropServices.COMException: Presentation (unknown member) : Invalid request.  There is currently no slide show view for this presentation.</Message>
          <StackTrace>    em Microsoft.Office.Interop.PowerPoint._Presentation.get_SlideShowWindow()
   em PowerPointPresentationMethods.PowerPointControl.goToLastSlide() na C:\Users\lucioc\Desktop\class_share\Samples\WCF\WcfService1\PowerPointPresentationMethods\PowerPointControl.cs:linha 54
   em TestProject1.PowerPointControlTest.goToLastSlideTest() na C:\Users\lucioc\Desktop\class_share\Samples\WCF\WcfService1\TestProject1\PowerPointControlTest.cs:linha 135
</StackTrace>
        </ErrorInfo>
      </Output>
    </UnitTestResult>
  </Results>
</TestRun>