<?xml version="1.0" encoding="UTF-8"?>
<TestRun id="2d3afa69-c51f-412c-8152-09231bddcd0e" name="Lucio@LUCIO-PC 2013-02-02 17:46:06" runUser="Lucio-PC\Lucio" xmlns="http://microsoft.com/schemas/VisualStudio/TeamTest/2010">
  <TestSettings name="Local" id="8cb53320-d39e-44a4-b8fa-ae4d1c0c140f">
    <Description>These are default test settings for a local test run.</Description>
    <Deployment enabled="false" runDeploymentRoot="Lucio_LUCIO-PC 2013-02-02 17_46_06">
      <DeploymentItem filename="C:\Users\Lucio\Desktop\class_share\Samples\WCF\WcfService1\WcfService1\bin\WcfService1.dll" />
    </Deployment>
    <Execution>
      <TestTypeSpecific />
      <AgentRule name="Execution Agents">
      </AgentRule>
    </Execution>
  </TestSettings>
  <Times creation="2013-02-02T17:46:06.4425233-02:00" queuing="2013-02-02T17:46:06.4725250-02:00" start="2013-02-02T17:46:06.4765252-02:00" finish="2013-02-02T17:46:06.7865430-02:00" />
  <ResultSummary outcome="Failed">
    <Counters total="1" executed="1" error="0" failed="1" timeout="0" aborted="0" inconclusive="0" passedButRunAborted="0" notRunnable="0" notExecuted="0" disconnected="0" warning="0" passed="0" completed="0" inProgress="0" pending="0" />
  </ResultSummary>
  <TestDefinitions>
    <UnitTest name="TestMethod1" storage="c:\users\lucio\desktop\class_share\samples\wcf\wcfservice1\testproject1\bin\debug\testproject1.dll" id="59863143-3238-122e-4d8a-637b491cc755">
      <Execution id="fa9d94ab-b4a7-4fc2-a4b7-e0005ec66f4f" />
      <TestMethod codeBase="C:/Users/Lucio/Desktop/class_share/Samples/WCF/WcfService1/TestProject1/bin/Debug/TestProject1.DLL" adapterTypeName="Microsoft.VisualStudio.TestTools.TestTypes.Unit.UnitTestAdapter, Microsoft.VisualStudio.QualityTools.Tips.UnitTest.Adapter, Version=10.0.0.0, Culture=neutral, PublicKeyToken=b03f5f7f11d50a3a" className="TestProject1.UnitTest1, TestProject1, Version=1.0.0.0, Culture=neutral, PublicKeyToken=null" name="TestMethod1" />
    </UnitTest>
  </TestDefinitions>
  <TestLists>
    <TestList name="Results Not in a List" id="8c84fa94-04c1-424b-9868-57a2d4851a1d" />
    <TestList name="All Loaded Results" id="19431567-8539-422a-85d7-44ee4e166bda" />
  </TestLists>
  <TestEntries>
    <TestEntry testId="59863143-3238-122e-4d8a-637b491cc755" executionId="fa9d94ab-b4a7-4fc2-a4b7-e0005ec66f4f" testListId="8c84fa94-04c1-424b-9868-57a2d4851a1d" />
  </TestEntries>
  <Results>
    <UnitTestResult executionId="fa9d94ab-b4a7-4fc2-a4b7-e0005ec66f4f" testId="59863143-3238-122e-4d8a-637b491cc755" testName="TestMethod1" computerName="LUCIO-PC" duration="00:00:00.1205108" startTime="2013-02-02T17:46:06.4805254-02:00" endTime="2013-02-02T17:46:06.7685419-02:00" testType="13cdc9d9-ddb5-4fa4-a97d-d965ccfc6d4b" outcome="Failed" testListId="8c84fa94-04c1-424b-9868-57a2d4851a1d" relativeResultsDirectory="fa9d94ab-b4a7-4fc2-a4b7-e0005ec66f4f">
      <Output>
        <ErrorInfo>
          <Message>Assert.AreEqual failed. Expected:&lt;Lucios&gt;. Actual:&lt;(null)&gt;. </Message>
          <StackTrace>   at TestProject1.UnitTest1.TestMethod1() in C:\Users\Lucio\Desktop\class_share\Samples\WCF\WcfService1\TestProject1\UnitTest1.cs:line 73
</StackTrace>
        </ErrorInfo>
      </Output>
    </UnitTestResult>
  </Results>
</TestRun>