<?xml version="1.0" encoding="UTF-8"?>
<TestRun id="999b3100-2850-4add-a31c-a4ded111da1c" name="lucioc@LUCIOC-VAIO 2013-02-03 15:28:37" runUser="lucioc-VAIO\lucioc" xmlns="http://microsoft.com/schemas/VisualStudio/TeamTest/2010">
  <TestSettings name="Local" id="8cb53320-d39e-44a4-b8fa-ae4d1c0c140f">
    <Description>These are default test settings for a local test run.</Description>
    <Deployment enabled="false" runDeploymentRoot="lucioc_LUCIOC-VAIO 2013-02-03 15_28_37">
      <DeploymentItem filename="C:\Users\lucioc\Desktop\class_share\Samples\WCF\WcfService1\PowerPointPresentationMethods\bin\Debug\PowerPointPresentationMethods.exe" />
      <DeploymentItem filename="C:\Users\lucioc\Desktop\class_share\Samples\WCF\WcfService1\WcfService1\bin\WcfService1.dll" />
    </Deployment>
    <Execution>
      <TestTypeSpecific />
      <AgentRule name="Execution Agents">
      </AgentRule>
    </Execution>
  </TestSettings>
  <Times creation="2013-02-03T15:28:37.6368829-02:00" queuing="2013-02-03T15:28:37.6448833-02:00" start="2013-02-03T15:28:37.6498836-02:00" finish="2013-02-03T15:29:06.5595372-02:00" />
  <ResultSummary outcome="Completed">
    <Counters total="1" executed="1" passed="1" error="0" failed="0" timeout="0" aborted="0" inconclusive="0" passedButRunAborted="0" notRunnable="0" notExecuted="0" disconnected="0" warning="0" completed="0" inProgress="0" pending="0" />
    <Output>
      <StdOut>

Open presentation


</StdOut>
      <DebugTrace>

Open presentation

</DebugTrace>
    </Output>
  </ResultSummary>
  <TestDefinitions>
    <UnitTest name="currentSlideTest" storage="c:\users\lucioc\desktop\class_share\samples\wcf\wcfservice1\testproject1\bin\debug\testproject1.dll" id="b86cad7f-e5ce-1a6a-0cbd-7a92d6ac53ee">
      <Execution id="9ea6c0af-1ef1-4b44-8fdb-fb88452fffd2" />
      <TestMethod codeBase="C:/Users/lucioc/Desktop/class_share/Samples/WCF/WcfService1/TestProject1/bin/Debug/TestProject1.DLL" adapterTypeName="Microsoft.VisualStudio.TestTools.TestTypes.Unit.UnitTestAdapter, Microsoft.VisualStudio.QualityTools.Tips.UnitTest.Adapter, Version=10.0.0.0, Culture=neutral, PublicKeyToken=b03f5f7f11d50a3a" className="TestProject1.PowerPointControlTest, TestProject1, Version=1.0.0.0, Culture=neutral, PublicKeyToken=null" name="currentSlideTest" />
    </UnitTest>
  </TestDefinitions>
  <TestLists>
    <TestList name="Results Not in a List" id="8c84fa94-04c1-424b-9868-57a2d4851a1d" />
    <TestList name="All Loaded Results" id="19431567-8539-422a-85d7-44ee4e166bda" />
  </TestLists>
  <TestEntries>
    <TestEntry testId="b86cad7f-e5ce-1a6a-0cbd-7a92d6ac53ee" executionId="9ea6c0af-1ef1-4b44-8fdb-fb88452fffd2" testListId="8c84fa94-04c1-424b-9868-57a2d4851a1d" />
  </TestEntries>
  <Results>
    <UnitTestResult executionId="9ea6c0af-1ef1-4b44-8fdb-fb88452fffd2" testId="b86cad7f-e5ce-1a6a-0cbd-7a92d6ac53ee" testName="currentSlideTest" computerName="LUCIOC-VAIO" duration="00:00:14.3620059" startTime="2013-02-03T15:28:37.6518837-02:00" endTime="2013-02-03T15:29:06.4805326-02:00" testType="13cdc9d9-ddb5-4fa4-a97d-d965ccfc6d4b" outcome="Passed" testListId="8c84fa94-04c1-424b-9868-57a2d4851a1d" relativeResultsDirectory="9ea6c0af-1ef1-4b44-8fdb-fb88452fffd2">
      <Output>
        <StdOut>Open presentation




Started presentation</StdOut>
        <DebugTrace>

Open presentation



Started presentation

</DebugTrace>
      </Output>
    </UnitTestResult>
  </Results>
</TestRun>